5 281 228 206 278 149
5 161 209 256 123 132
8 296 193 290 93 35 266 30 175
10 13 224 61 201 250 196 215 233 173 130
9 95 113 14 3 170 252 186 189 208
6 127 177 192 59 272 183
5 45 152 154 153 274
8 7 136 140 248 182 288 194 52
9 0 75 58 27 139 67 176 69 84
9 105 82 109 283 115 78 120 240 211
7 273 121 242 66 71 94 165
9 24 214 146 163 238 55 100 231 77
8 108 44 68 101 98 265 251 9
10 107 60 21 172 122 26 5 43 37 151
9 294 227 171 230 222 255 145 126 2
10 148 218 156 91 39 235 124 106 135 169
9 62 129 277 174 6 70 104 279 257
11 167 133 260 198 157 207 118 51 12 229 247
5 210 158 119 142 97
10 72 92 128 202 191 237 90 199 112 143
8 164 299 64 160 147 31 17 293
9 168 286 15 244 50 73 76 289 1
8 99 103 19 268 195 25 205 262
8 180 134 56 111 190 291 292 270
10 216 85 125 29 217 86 22 219 297 178
9 4 203 263 284 254 117 81 280 49
8 80 74 241 236 114 20 155 46
6 200 239 295 269 16 141
7 110 144 204 243 48 10 223
7 259 261 40 253 23 181 47
6 246 18 79 28 197 264
5 87 249 32 185 138
6 34 159 38 96 298 287
7 184 220 187 188 102 89 131
5 8 137 63 282 83
5 162 225 57 271 42
3 276 232 258
4 54 150 166 11
3 41 267 53
2 275 226
3 116 285 245
2 88 213
1 212
0 
0 
0 
0 
0 
0 
0 
0 
0 
0 
0 
0 
0 
0 
0 
0 
0 
0 
0 
0 
0 
0 
0 
0 
0 
0 
0 
0 
0 
0 
0 
0 
0 
0 
0 
0 
0 
0 
0 
0 
0 
0 
0 
0 
0 
0 
0 
0 
0 
0 
0 
0 
0 
0 
0 
0 
0 
