4 281 228 278 149
5 161 209 206 123 132
3 296 256 175
7 193 93 35 30 186 173 130
6 290 224 266 252 233 183
7 13 61 201 250 192 189 274
8 95 113 14 3 196 215 272 165
5 127 170 45 59 153
5 177 248 152 194 211
7 7 136 140 139 182 288 208
7 75 58 27 283 67 69 2
6 105 82 109 115 66 240
6 273 121 242 100 231 52
6 24 214 163 238 154 94
6 108 44 146 78 43 84
6 107 68 101 55 120 77
7 294 60 21 98 176 37 169
6 227 230 172 265 251 9
7 148 171 122 5 255 145 135
9 62 218 156 26 235 124 106 126 151
7 91 222 6 70 104 279 257
7 133 39 157 118 71 229 247
8 210 129 277 158 119 51 17 97
5 72 174 202 12 143
6 260 198 128 207 142 293
8 164 299 92 64 191 90 199 1
7 168 286 15 244 237 112 262
6 99 19 160 76 31 270
5 103 50 73 289 178
6 134 268 147 291 297 49
6 85 56 111 25 292 46
7 4 125 29 86 190 205 280
6 203 263 217 236 219 47
5 80 284 195 81 155
4 74 241 22 20
3 254 117 16
4 200 239 114 181
6 110 144 204 243 269 141
6 259 261 40 253 10 264
5 246 18 295 23 223
4 87 79 28 48
5 34 159 32 197 138
6 249 220 38 96 185 287
6 184 137 63 102 298 131
5 8 187 188 89 83
5 162 225 232 271 42
4 276 57 53 258
4 41 150 166 11
3 275 267 282
1 226
2 88 285
1 245
1 213
1 212
0 
0 
0 
0 
0 
0 
0 
0 
0 
0 
0 
0 
0 
0 
0 
0 
0 
0 
0 
0 
0 
0 
0 
0 
0 
0 
0 
0 
0 
0 
0 
0 
0 
0 
0 
0 
0 
0 
0 
0 
0 
0 
0 
0 
0 
0 
