81 7024 574 699 6373 3545 5037 4131 8727 2355 7787 7706 9213 5439 7329 9035 1523 4217 1546 640 336 2036 4479 4525 6796 4609 3503 6579 4513 8100 3243 7766 320 5649 2533 1860 9299 9953 370 1384 3102 4733 7481 2922 2636 6896 7035 38 8053 1158 9107 147 9274 9421 9190 7795 5821 9934 6995 7692 1448 8655 4551 7533 3701 5230 3311 6826 6664 692 1345 4412 7499 5063 5199 7505 202 1247 5895 2563 3856 9697
79 7615 814 7749 6605 8285 8341 7842 1634 7445 4815 5126 923 6300 5616 8363 5694 8518 5954 8669 727 4359 8214 2892 4456 9059 1030 1895 6784 7859 3271 8866 180 7098 9609 1776 7669 793 1147 7479 1537 3117 7507 3692 5451 7287 8916 9689 508 826 4400 3373 6775 9780 1006 1930 7637 7030 9567 2042 5497 8069 4774 7080 4560 9233 4921 5297 5207 9345 474 8298 3121 8507 1886 6542 8296 1402 7597 9625
77 3479 9577 6971 7928 710 9851 4098 3345 5164 7034 1601 4187 7082 4022 7503 8355 2048 5781 5606 5636 3083 4476 5733 9456 1747 6814 22 2532 8410 9880 4906 6333 6806 240 5615 3640 4968 7888 2535 1293 6791 5003 6607 2447 8389 155 7446 644 6689 8444 3440 7264 7973 1202 4805 5314 7522 8021 2578 9173 9704 50 9444 1405 9472 7462 2227 975 6127 9431 2763 49 9115 7512 1864 9964 3261
79 1360 6686 2825 6436 3206 4138 3474 3871 5873 3067 779 8176 7791 2550 5220 8338 3323 2254 2281 8067 6795 7336 7644 8011 9309 6009 6248 9818 563 4812 3168 8851 7360 1705 5858 8048 9003 9199 5272 2801 2652 8852 6363 7551 9867 3281 1214 3081 7074 1265 3200 882 6756 855 250 2283 2097 4433 5065 1137 1884 4673 5204 9978 2284 7576 2757 6033 9686 3530 6166 5705 4681 9193 595 7635 4772 6083 3048
70 2923 3815 1960 5343 1460 5171 6612 9413 631 1458 6082 2651 3869 8665 1973 2492 4750 5472 1971 3910 4176 7501 2095 3017 3857 6936 7747 7846 1558 1681 6969 527 1674 2001 6429 6600 7004 9505 8657 3162 9758 4398 3134 5044 6012 940 1554 2026 4672 234 2463 1586 3834 9926 1635 3348 7569 9954 3241 4015 7121 5475 1642 7698 5580 8941 1840 2476 2610 8888
69 5376 1077 6923 9617 1083 4588 8388 771 4924 1081 7547 4725 9743 5050 7532 1229 1836 2039 4462 5559 9318 8521 2736 7389 8913 5447 1625 4934 5789 1035 8720 5192 5515 8582 9040 9437 2108 2933 9724 4940 5155 1198 3739 2840 9835 400 1082 1039 5295 1476 1876 4158 4645 8429 435 1095 6540 2193 1028 2309 438 3452 4257 3728 5891 6960 5401 8286 5187
80 494 1160 1871 2904 9779 7619 5282 5130 760 7393 8768 2129 1281 4026 4034 6594 9803 558 3026 7891 7934 1209 8050 484 230 6191 4411 7952 1490 1548 4123 6765 7860 1954 8599 9338 7095 1041 1848 4649 5088 2271 2638 8884 1309 3110 4093 5785 2996 7641 141 7278 2622 3120 4863 1807 5919 7028 9304 6677 9122 1861 5833 2921 5695 8020 1919 630 5203 7614 1863 1099 3038 7337 316 2035 2865 2232 9060 2797
73 5868 1066 5229 7266 8259 4532 8530 2501 7998 6379 7351 1157 2438 7941 588 4961 2336 1241 9789 9869 625 1463 128 8131 3115 4695 4548 5371 9194 3595 8087 3360 1759 3494 6560 1249 6643 2363 3699 7653 9021 8105 7146 1608 6483 3526 3396 8465 4669 9853 4646 8944 8404 1320 2656 3849 6016 8109 7009 4128 5524 5957 6458 8674 2716 7765 2137 1817 2595 258 3003 6513 591
72 7784 9528 8885 769 360 9654 576 1780 3227 4872 7418 7254 2329 3653 5197 7895 6847 2582 7247 8096 1649 7332 1482 4427 5326 545 3159 6323 7204 87 7903 889 6874 1626 1406 9970 6385 4062 302 470 7259 1453 6431 8195 85 2494 9337 5111 1963 9139 6068 8150 9017 4002 5900 26 3088 5950 6898 7513 536 2682 4573 5582 7554 1599 2805 7046 4683 4907 9987 5024
72 7379 7870 8574 9518 259 2296 196 1949 6652 7566 2148 8865 5545 6236 1433 2200 3028 5337 5812 7429 9696 925 5138 1010 1595 3864 478 3725 7818 9543 2717 7909 2396 3673 8956 7357 3374 4376 6356 3812 8926 3386 8881 1169 6439 6842 8035 1629 7558 580 6551 7912 8039 6245 6265 3090 9324 124 3937 4834 1124 8466 4031 9578 2435 6581 291 1839 2468 2679 2830 1713
75 8409 2102 9921 4821 4956 7194 1287 4200 2157 3061 8229 9657 2246 4786 5033 8192 2870 2017 6487 252 3511 7090 7736 1950 386 1957 6120 6757 5094 6163 9319 4322 4537 2485 9963 9664 8373 973 8936 9360 358 4185 6822 9765 8251 501 6872 178 9349 249 8045 8483 3144 6320 2210 6377 9713 8240 8012 8559 6544 5598 2436 5190 8833 2440 6626 2178 2604 4247 6644 894 4870 5432 7638
68 3758 1576 6833 9481 1003 2648 3075 3118 5550 3931 736 3303 7447 4584 7045 3748 5594 6403 156 942 3695 3794 4529 7694 9515 9690 537 3434 5989 9509 3555 4012 7060 9071 174 5745 5284 8660 5993 5880 7258 4229 4793 7157 4957 2571 9286 5925 4524 9259 6687 1631 5914 7778 8915 7137 3706 4132 6158 7857 9430 5600 960 9321 1688 3805 4371 5367
69 8542 839 8491 2080 3251 985 4360 7183 7411 6303 3427 5526 5760 1582 7390 7804 8042 516 842 183 4840 2101 4230 4514 8804 780 8661 270 9427 4575 6934 2847 633 6590 8200 2115 5773 7352 9316 483 6629 9719 6435 1366 1411 8139 8722 3982 1583 8993 6520 7126 8325 6649 3611 4867 5145 5628 7224 3070 5595 4341 5946 7990 5794 6059 6884 7672 1349
68 2732 2845 6369 7059 9386 2405 6017 9805 1064 5219 5704 854 3089 3199 3662 68 1726 6850 3145 3473 3925 4141 6906 6941 3604 1825 3841 9939 8265 988 4213 3476 9073 4126 6563 9198 2400 3301 9740 6548 8043 966 6636 8334 9546 6112 8406 990 6541 5399 7203 2689 7114 7740 1187 1673 2516 7858 8740 3711 8922 7161 1074 4369 8349 8968 5315 7468
68 2949 9260 3284 9887 2126 3100 8708 2219 2803 4385 7869 1475 993 4082 2548 7557 150 4759 6106 417 2477 7528 9718 3488 608 2123 3056 8999 6390 7586 390 6835 7206 5871 6348 1956 6453 6516 1979 3292 3932 7613 8254 9910 1218 4133 5068 9504 4856 6183 2317 1049 471 7318 9474 7237 1285 5885 6821 7899 9172 7833 8566 9264 2049 2885 7323 9560
72 8596 9893 6693 6780 5903 7677 670 1149 2735 4758 5737 6839 9671 2308 8188 9326 9967 8908 9051 278 451 1116 9993 6441 7025 8654 1365 2572 3226 8493 2500 7520 9988 2059 4596 3114 3465 3772 9405 5996 7378 5668 172 863 2154 3899 129 3401 6584 6660 9471 7141 6759 237 2637 4046 6813 1383 7416 8015 8658 1718 5279 5527 986 5806 9666 1292 8928 255 4764 5479
67 169 541 7443 747 5231 5655 310 4190 9007 1363 9768 2875 7649 783 4534 5153 8677 9589 5602 6037 5144 354 365 2743 2871 7886 4499 6802 8711 3485 4735 5045 9555 1891 3435 7079 1921 9400 1567 1795 1810 5835 8703 2203 4692 6099 7959 3178 9764 1173 1941 5248 798 9512 361 7289 7543 4389 6181 9334 9647 4181 4927 6838 1076 1970 8291
67 2963 5886 2677 6843 5893 2089 2756 6545 190 2145 2946 5014 5487 6329 5851 7383 1934 4654 9681 1088 5756 9905 1929 4481 8117 6003 2781 2152 5070 5112 1274 3040 3747 5385 7089 1466 944 2421 2669 9211 967 4675 8253 2489 8381 871 1981 4946 1134 9459 3156 3883 5249 1762 2626 6105 369 5394 5456 602 1767 6440 9232 6227 8077 1423 1830
67 3420 4706 5795 704 2702 4608 6809 8304 450 3696 6500 7230 3244 4943 3564 8546 9856 676 2954 2972 3141 5839 6097 1962 3468 3714 8972 6047 7640 3203 5445 9673 7213 2220 8123 39 2075 4782 8064 8263 1875 5347 8175 6754 745 1125 9027 9097 9451 9726 7182 7286 3016 2681 140 2890 9368 4993 5766 2676 3444 3774 7985 8462 133 910 2657
64 5152 5156 8257 3224 2106 3800 5934 1177 3247 4873 4625 4535 7063 6676 8800 7578 1541 9796 2902 3447 8366 9531 597 3297 3875 4470 8649 5136 2303 6484 7663 5030 6779 6875 4638 5196 7910 7964 6324 7774 9738 1342 880 4049 9276 2552 3835 3139 4822 2802 4459 4693 1733 6514 2796 3547 3617 7752 794 7511 8357 5240 1645 5797
69 6450 9675 8065 3312 4177 4928 5638 9632 2642 4188 6967 4785 8482 550 5581 7873 9538 5140 7211 5308 6456 6715 1893 2646 2005 4429 4452 4515 5234 7359 750 6684 4882 9018 9425 5560 3425 7066 8911 3950 4420 7643 9634 5162 6991 1409 2951 8245 8854 9433 1016 3158 1804 3469 4032 5422 6085 9025 59 2944 3518 4558 5360 587 8400 2472 2072 3032 6717
65 3461 4701 9575 6588 7198 3349 982 4753 829 6022 7702 8205 5358 1222 3676 394 4399 5386 6124 6215 8198 3472 4829 8215 8445 1908 3660 6237 874 5338 5546 6703 4999 5134 8991 930 3770 4579 9644 3694 2616 2854 6712 4121 5607 6330 4381 5861 6864 9382 4569 7905 2022 2120 4453 8079 533 3208 5179 6447 1420 1575 6284 6840 7573
65 738 7271 2265 3700 4621 8032 8239 7201 7832 4236 2935 6794 7385 8270 8907 4115 8122 3130 8905 5901 8293 8775 9285 57 999 4065 7334 4738 6090 6426 2356 4628 6696 8235 2253 4960 1304 6640 1438 7374 6388 7498 8095 342 1832 1032 2491 5772 9058 7581 7991 8014 444 1925 5143 5744 6319 4309 4582 6593 1723 7124 8424 8209 4214
66 3193 4152 221 1905 7238 8218 4480 5909 4042 3377 3935 6528 7407 2678 8830 1594 8617 9350 2525 6149 4489 8329 9529 6041 8628 2869 43 1167 2221 4473 5498 6063 236 4403 6155 6745 6254 8081 3897 4240 1239 6672 6920 1086 3678 6827 3147 5488 7136 4465 4777 7673 1902 2119 2976 6103 6188 7678 7685 2427 5166 9225 4975 8051 8485 1067
62 3658 8895 9064 9486 3428 8085 2808 5405 6526 9717 7801 1823 3651 4877 6855 9251 9946 1998 4682 7872 3126 7086 7502 9897 1974 3288 9582 210 2668 3940 7209 2816 4765 6683 9182 1401 1896 5790 1511 2956 2094 7160 1493 1889 3354 7924 3189 1731 2160 6713 384 1898 1916 6316 6495 8208 1140 1707 8364 88 2737 3412
65 5306 3788 687 7257 5486 6210 8858 6392 200 4077 9595 4438 5198 669 3076 4001 9159 4377 4390 2353 5944 1838 9376 1781 2888 7376 703 1532 2140 5355 6503 7347 2043 2469 9786 5547 3353 8052 9612 9857 4591 6276 8650 974 1025 8124 864 2480 6241 6922 2547 2587 3510 6467 9287 9753 610 5237 6733 7460 8272 8894 9279 879 1424
64 1819 1892 2952 6267 9412 2310 458 5251 6335 2672 4668 9396 1330 7331 341 8965 3264 9891 5273 5748 9813 1509 2758 9881 2177 2777 4175 9242 58 2216 2784 6994 4451 5266 5809 9588 4528 7218 8717 2794 72 5291 9055 8751 3184 2986 7239 8793 8801 719 1522 7341 8211 8264 1488 6206 5770 7113 8687 2602 3896 5847 6038 1207
58 9074 1536 2104 4106 6554 227 4837 6202 8308 6739 9668 6767 9205 2690 5552 3491 5958 9458 3663 4884 6587 8233 188 452 1091 6984 2354 517 872 2082 6117 6497 2635 3884 3727 4378 7085 7847 9052 6968 8106 1139 4598 6650 8608 2011 9468 555 4536 9187 2914 8667 5276 7052 1507 3690 5216 1593
60 9610 137 3426 4151 5061 7118 7850 4561 2024 83 1127 8232 3446 4554 7812 9638 1745 8486 3912 70 5387 3366 4471 6116 8097 8112 426 1788 2504 3273 6357 7601 2493 1054 3649 6113 8540 359 499 2235 2462 6536 7295 622 7605 8572 463 5685 8732 524 2015 2770 3355 4990 2728 4382 5135 7116 7580 4354
62 862 3449 6101 7026 7062 9854 6244 6887 8348 9258 2518 4526 5707 9637 2439 2893 5236 6929 9268 2740 4997 6204 1846 4980 5921 371 2068 4318 220 8268 8686 441 1404 2859 1339 2298 6902 9469 774 3267 6539 299 3394 4686 7221 7950 205 2939 4862 1918 3594 6421 6990 9355 5617 7310 4425 4478 7863 2544 6034 1069
64 7166 7671 7868 1985 2601 3328 4124 4935 6785 7490 9561 4833 8519 2051 2410 9308 121 4300 9343 1613 9189 1370 1775 2683 3955 7358 9131 3780 6740 443 4163 4520 9586 96 7798 2302 3963 5091 6674 8561 3214 3874 4017 5031 473 4321 2633 3140 7866 9317 9643 7642 3068 9426 1566 7598 9127 5426 7313 7036 8942 3142 6673 5771
60 8516 1070 3698 1273 2167 9739 439 4372 5746 6370 7140 9100 9229 383 2459 876 917 5539 6262 3612 8072 8314 9094 2461 2483 3721 5690 8180 3021 3456 4070 5128 6292 7296 8992 9000 1196 1312 5120 5832 9801 5375 7077 3777 4788 4875 4984 8282 4827 3329 3917 8391 4847 4853 6195 7646 7231 2411 3188 6446
60 6471 4173 5441 8841 9596 1059 3809 3850 4117 5059 1033 6986 8395 9592 1138 4386 4994 5823 7444 7540 4926 5329 9323 5424 9522 92 816 941 1632 2171 3882 4900 2360 1103 4546 8093 4991 5107 1831 3556 4148 8927 4097 4544 289 1491 2509 5333 8017 8796 6004 9450 819 5351 9876 989 2465 7602 1377 1421
61 1890 4472 5671 2932 4639 9184 549 1809 4737 7763 7885 309 8384 1728 2305 9077 1658 2588 4059 5623 2857 5117 9776 201 1351 1540 1881 285 3177 8949 2782 6362 9787 1282 5115 6562 9009 1118 3847 6412 9384 4228 7695 3238 7156 3464 548 921 6550 207 3998 8544 1443 2432 3601 4110 4559 2286 5802 8258 5829
60 2879 3726 6628 5113 6895 7880 7926 2594 8821 8498 4020 5585 9580 1042 4630 8627 9864 562 623 4457 110 1943 3862 5023 5052 9359 2117 7893 2607 3768 4089 490 571 833 4803 5554 6086 7545 2566 4345 8857 6524 561 3375 5277 7917 992 7441 337 1980 2896 5434 6501 7055 1272 2799 3913 7413 1972 2862
61 7785 5988 6774 4442 835 9401 931 2007 2038 9019 1302 2118 9327 1994 7882 8016 185 2205 3713 7424 8943 1991 4291 9145 7622 650 4315 5764 5057 6398 6482 131 6634 2162 5093 5428 5437 7422 6564 7044 2300 3531 4254 5834 8248 9956 1637 2536 6198 7015 7656 8511 1280 9894 723 5201 2194 8367 489 6730 6420
59 7510 6722 9432 838 1618 409 2708 6266 9116 7043 7100 3507 7181 7651 4652 3859 5098 852 1269 6306 1481 2382 5626 6066 6115 6810 6848 611 3974 4316 5570 7944 3205 4983 4016 5762 373 701 4566 4936 95 1897 2517 6477 7048 7073 7854 6781 9134 1786 9126 9868 4592 7681 9601 2974 5275 2994 9525
60 5757 4279 7524 7620 768 2088 3579 744 9811 2739 5977 9348 256 4814 6111 9346 4458 5747 8771 2696 3915 4843 4944 5674 7282 7855 8607 7734 148 2694 171 2760 3010 4063 5122 733 6970 8571 6647 7966 8041 8729 184 1763 6577 7809 2860 3525 5845 8636 100 2342 4719 5039 260 7789 6159 5255 6535 8446
61 496 806 3272 7999 4607 8597 9155 4902 6964 8018 1693 3671 4577 8169 1612 6322 1474 5641 6061 8401 682 2569 4605 2030 5514 8673 9044 3591 4643 8004 126 245 9014 326 507 752 983 9937 8137 8789 9072 594 1429 7483 8027 2868 8073 4246 5549 7995 9250 3383 3034 4657 152 2033 8019 9282 1324 2318 3914
60 8005 9809 272 1682 6880 7397 7705 2675 3588 4014 7453 8901 3942 103 5863 2789 5188 698 2027 4767 5985 9969 6315 7500 522 9523 1416 3259 3598 6747 5317 6008 7839 1092 2358 7349 7844 552 9446 1569 2543 1336 5233 4226 7293 222 6225 7969 2969 6729 6987 5055 7633 440 901 5768 32 1356 7750 9090
58 3304 4091 7220 8619 1441 3001 6465 2374 2454 3634 8204 8680 216 7962 2641 4622 5465 6940 8848 1880 2186 3350 4716 6894 8531 2490 3370 3846 9174 467 2482 7978 5313 5966 8994 7119 8186 2378 3656 935 1468 3552 8110 4713 5085 1640 3808 7000 7823 8765 2897 3403 4708 5859 9065 5822 6915 8734
59 3308 4202 5883 4086 8721 8970 475 799 1909 3487 4954 80 4211 4860 6207 2009 2413 3769 6797 2213 3761 5842 8098 9244 97 5955 7852 4746 1814 2215 3664 42 2596 6193 629 6174 18 2239 7302 4734 7131 9046 1750 2707 6720 7400 3018 6229 4 4908 6533 9842 194 5228 5429 9510 1194 4506 5843
58 5087 5686 6313 7764 8891 1254 2136 2397 4205 9574 4079 2163 2551 7179 3255 8415 2487 9424 9499 4035 2349 3080 4011 4113 6294 6746 1559 2586 2906 5656 1252 5715 7134 4849 4922 2467 8610 557 3382 3702 3916 3327 3959 5260 8735 9517 4615 6718 8375 688 7440 8838 804 4203 7997 9684 1262 9061
57 2081 8121 101 104 8595 675 1698 3845 5378 6327 6407 1400 5210 7751 242 7596 7175 5604 7388 5732 772 2687 2927 5678 6891 891 4029 3705 1058 5177 9945 8985 9162 9570 1002 1487 4333 7631 5323 3082 3231 3513 7876 6218 6481 6205 8057 3590 7967 1454 7761 9920 851 7010 1295 1926 279
55 6387 9265 1327 5215 1910 4311 4634 4662 432 4142 9755 2568 5543 9877 1034 1621 3737 2295 3164 4007 4167 6029 2631 3889 8778 9642 3638 8062 8181 5512 1818 2211 2315 2945 4419 6460 9080 1435 8743 9677 513 3880 3933 3642 7173 7980 648 5548 6566 7200 8227 3066 3313 6365 9181
56 427 2731 1610 3314 5078 3789 4068 4593 4644 9760 130 2665 4437 5243 1821 5856 6223 6596 5947 834 7017 2256 3750 4618 564 5815 4553 7875 8706 1153 8191 8477 9655 731 3000 3179 3182 4422 348 2684 4939 6168 6798 7267 5017 5200 7879 9249 3290 3647 6075 886 5334 1111 1865 5469
57 7584 3478 4436 6706 9773 274 6040 6642 1543 4325 6131 7130 8755 8948 578 2712 3628 8024 9771 6152 7881 8641 8728 3223 3430 6578 8441 9011 2348 2828 4343 6793 6981 7535 8842 1805 2837 5817 2023 2252 2710 4394 4108 9784 531 1600 5289 7718 1882 2293 5095 9759 4352 7544 3934 4722 5531
56 7628 525 1955 3399 5454 8246 6118 4574 4832 7810 2255 3072 4658 7105 8738 4272 6137 6448 8489 9850 3218 6023 7014 8869 2212 4320 9593 6665 7666 297 2046 4085 5564 8798 1829 3096 1184 4550 5411 706 4342 5102 6819 6888 5305 8827 9290 604 1752 7135 4640 4839 6067 7675 9367 6161
59 2617 2807 4971 5464 6404 6772 1205 757 971 1650 2077 3568 5540 5751 8340 8785 6831 7548 9503 9830 721 1004 3561 4288 5968 8260 1561 2719 1277 2332 2714 3516 6624 9489 4363 4404 9783 376 1937 8399 8501 9498 2639 4846 8981 5723 5936 6751 4549 7494 8862 4769 6142 8086 9314 9692 1986 8141 5639
54 6808 9511 166 2478 5556 6801 9106 4222 8324 357 8613 4842 6862 7214 1123 3740 8953 9769 195 5205 6771 8256 9767 3063 3589 693 8921 5348 1806 5887 8092 8671 287 3906 6277 6938 9605 2362 5383 7889 9039 9336 1734 3567 5673 8570 224 8152 448 6126 8653 9180 6468 7346
51 8114 6725 932 2047 979 1283 7463 8094 377 2429 165 6386 1276 9175 511 1289 2753 5082 5404 6459 7317 9178 1412 7380 1027 3838 3947 5193 7382 7938 8799 243 902 6136 8548 163 5574 2581 8271 8808 4527 7670 8107 3627 6494 6989 1135 1573 3756 4044 7225
54 8924 25 395 4431 4594 5982 9752 5362 5373 7731 8581 2369 4415 5077 818 3065 3785 3873 8697 8998 6427 313 2831 7054 9164 6230 7519 3482 3563 5114 8374 5569 6755 813 1946 3596 6065 6710 7432 9709 2503 2742 4387 8307 284 6885 433 860 3546 6146 827 6641 8541 3562
59 5537 5729 6255 8575 2820 9616 327 1308 7409 7767 7897 8692 9981 4447 7664 8449 9138 2071 5040 2168 6627 4650 8116 8408 9950 3212 4073 4718 5163 7202 685 1756 1768 1878 2420 4890 5049 8535 8872 8938 646 7291 9873 642 9311 1322 1578 4250 5398 903 7170 9737 2560 3582 5712 2437 8997 2971 4810
52 3597 4407 9581 2649 6344 6364 8297 9307 199 1001 4712 7458 7703 2809 8719 164 2322 4742 7948 9651 4130 7067 2561 4949 5551 6132 8892 9227 472 3098 5481 1180 1936 7403 8001 1562 1664 3138 3615 6555 6770 8009 8428 2883 5090 3319 4482 5838 8455 9030 9291 2612
52 1944 5170 5470 5930 6521 7817 2693 4329 7088 8190 9841 3677 3689 7757 8356 1386 3497 8088 2706 8223 8262 266 4413 4917 6475 8903 56 5658 5939 9016 3369 5038 5186 5799 3790 8267 8463 9733 9944 1 3860 3894 7410 2983 4602 9552 786 820 892 1182 4041 8119
56 2105 3532 9559 3733 4066 9236 9935 1859 2003 4150 4744 9388 1719 2834 3517 6321 7760 1020 1038 1442 2722 4945 4976 5374 6014 6908 9085 2381 2818 3036 8887 991 1467 2109 2323 7610 9614 1827 5662 8961 1696 4067 5813 6119 8605 9110 1504 2680 6226 9004 1677 3537 4008 4078 5457 965
53 7228 8142 1646 4850 5683 7107 1175 1452 1545 2925 332 3821 7132 7480 8696 53 8918 1129 3225 3765 4680 402 2806 4755 4859 5307 7384 8630 1393 1704 4306 4586 7148 2407 2733 5069 9907 2512 4183 5929 2721 3346 5116 7759 8691 4801 5010 5810 139 292 3084 5466 5965
54 8770 8792 3941 6405 7252 9846 1119 6071 6371 9962 2460 3148 3409 350 938 5791 735 1317 1427 9936 2853 3116 3648 4614 5820 6046 7197 8737 9736 764 4688 1113 3643 5368 6018 6639 510 1133 2412 3343 3840 7058 7487 2674 2795 3002 4056 4616 9997 4037 4698 2965 4523 4667
54 5701 5915 7188 3797 5086 2667 6700 1706 4601 6272 3376 3429 3745 4331 4726 4806 6742 7299 7901 8880 301 1417 1689 1380 2076 3171 566 2153 3540 5328 8470 273 6091 6283 6302 7906 321 4702 5529 5874 6438 741 802 2658 3669 8101 9705 186 2277 6380 170 8837 9548 8849
56 3234 866 5350 5995 6933 9520 9735 1592 6547 4723 6496 8416 997 7184 7338 2248 2800 2863 3107 3999 5508 3293 7976 825 1225 4818 4898 6270 8310 9802 2554 5304 8394 44 1298 1755 2720 5664 6238 46 2169 2705 2821 2848 3252 5379 5097 5176 8662 9013 1340 5495 6851 9113 1073 9081
52 4920 2320 3712 9379 9558 9900 1757 4475 3195 6052 66 621 1761 6654 6799 6883 7178 9464 7305 8565 6350 23 34 3371 5697 9501 219 605 658 3655 1148 4058 4252 4932 6956 7626 8700 9408 9488 9622 382 5459 6125 6395 9404 1590 3900 4146 4974 6753 9195 9383
53 6953 7711 8563 8746 497 2352 3629 3681 9079 138 1353 2918 3839 6638 381 7234 4127 9257 553 6992 6997 9241 3277 5159 6260 4392 5520 2060 2391 2775 2773 3477 3560 7174 7437 998 6945 1022 2640 4409 6219 3515 8153 2014 7404 7697 713 1055 6069 8988 9699 7235 7561
54 8164 1975 6965 8820 8625 1596 2653 6455 9296 5392 9158 1297 5075 6015 3471 4962 5223 6904 454 9623 1800 2542 5680 6506 8995 9341 9544 909 1552 5811 9010 229 407 849 809 1982 4023 1014 430 970 2433 6943 7369 6043 7504 331 5998 8855 5474 5605 6856 7177 9761 328
55 690 5108 7658 398 7399 9130 770 2783 5471 5846 6476 7268 8149 2711 3872 7565 9691 294 627 5726 8920 6251 6558 7075 8769 8170 3909 3961 4730 8070 13 20 281 2272 4448 5089 8342 2110 4845 8588 5016 5246 7690 8818 9693 3392 5142 6419 3544 5869 3012 3984 6201 7955 4651
51 9473 972 2185 1683 6050 7316 9254 9792 3771 3106 3112 3613 1917 8187 288 1094 1415 3450 4678 5749 1835 6434 9125 7647 717 2247 8877 2347 4891 8790 1310 6656 8156 4319 5976 7612 9099 7835 9434 5754 6337 6721 7772 7829 762 4819 5778 3197 7340 6143 6509
53 14 1630 3529 7927 8723 4995 659 1489 1598 3362 6817 9885 3951 4568 5331 8433 307 3861 1121 5212 5879 6732 6811 7391 3180 3986 8860 9516 3085 4485 6454 2276 4563 5300 853 2882 7563 9814 758 980 3886 7654 912 4985 8078 8345 551 2526 7867 9325 5986 6705 4606
53 8162 8611 714 1966 3605 4781 6966 8076 8817 8975 4324 6389 559 1741 8031 8939 9979 5006 8764 3833 5054 9320 2940 5285 9293 3650 5325 8586 628 1348 8508 8875 3535 2316 3462 4189 6234 6762 6777 115 6930 7001 7187 7878 8893 2394 5319 6977 526 7012 8277 8365 1778
53 3607 672 3413 8578 1098 4122 5000 5689 8147 1341 2175 2846 5072 7813 9650 1708 6666 1155 4099 7149 306 3600 9378 5657 6750 7696 893 2867 3175 4111 226 1005 1903 7219 3746 2267 6663 959 6053 135 9387 3030 5804 6543 8456 1244 2793 8126 77 1230 5476 5828 9975
53 7084 9399 8330 712 6359 8089 8238 8989 1571 7537 9898 836 3559 8856 2013 2839 2326 5118 9373 968 1470 2451 8059 160 1271 2150 5127 7127 9087 9238 3351 5318 8699 8762 36 656 8514 869 1822 4045 1078 4054 5340 8695 1686 3389 4243 8382 8526 8547 8879 9708 801
53 5180 6463 951 3818 6461 6671 7843 5798 6478 1556 1183 7517 9863 896 1782 4232 6019 8468 3005 5269 2069 2383 145 4491 7290 9095 906 2449 4095 904 1657 7661 7805 9034 2704 295 480 2278 4631 5415 9243 739 3571 5666 8451 1753 2442 2856 5332 8772 4120 6939 8414
54 1019 2301 3219 5064 9597 911 1395 3919 4374 7223 1811 4033 7942 1136 3470 7246 705 3286 3496 4896 9497 9800 47 74 707 1142 8242 423 4297 4790 6154 8311 9929 665 1425 6618 9120 689 1314 4408 5453 6682 7981 9224 3691 2398 5345 5775 6171 7032 9874 9931 2066 1581
48 3417 7951 8333 3299 246 8036 6250 7968 2727 3467 4270 5482 6279 6491 8040 8383 3741 4797 5158 9563 4597 2057 3086 3795 4198 5256 6711 873 6466 412 4966 7120 740 7482 2973 4721 6488 9256 69 843 6307 7727 8193 349 6231 6243 7442 2496
51 7738 9397 120 2772 3957 3968 7396 8436 9339 620 2092 3073 6854 8917 8279 2815 4502 6049 7634 763 5819 5872 8471 8870 388 3566 4170 6849 7094 4384 7101 9247 3829 9212 420 1432 5803 9083 1105 4660 8 21 9961 2787 1983 5022 5698 8945 766 4965 5538
51 5397 5755 2992 4287 4430 6490 8656 8794 647 6766 1246 2236 3181 3550 3918 6308 2192 3013 375 660 1471 1551 1858 3388 5898 8025 3390 3911 9727 1208 238 6196 8522 6384 7255 1738 2891 2924 6078 9266 2238 2599 5005 6552 8167 9872 3806 4761 4914 5217 868
52 6179 6679 7856 9342 9369 1051 3972 8049 1096 2597 7992 105 2761 5400 9091 181 2445 7439 9466 4397 3047 3245 4104 5818 7564 8741 3603 8185 2471 3053 3783 4743 7553 847 1174 3574 4897 5382 7003 934 8859 8950 6173 6261 8182 12 114 708 789 3623 9583 722
54 4204 4449 7072 9209 6504 7814 812 877 1587 2258 2450 7484 2054 4174 4338 94 2387 3520 3682 5878 2615 8736 939 1087 5110 5341 6979 7281 9214 1714 2671 5080 7603 2418 4813 5735 6999 859 3463 6268 251 1497 2511 2855 5532 6424 7372 7406 9815 298 937 6792 6606 1044
49 2531 2577 4273 7720 2224 6852 7022 1461 8679 7684 8387 8431 500 4578 9630 3512 8759 9298 263 4301 4567 5099 5597 950 1045 2292 3235 3256 3356 5247 8904 805 3330 6913 5239 1203 3132 3926 4710 2058 2366 6305 6340 8725 3381 3718 9340 1606 5592
52 6786 626 1255 4709 4736 796 1769 6511 9838 4207 5309 5417 5561 823 6445 8631 8750 405 1093 2562 7199 7794 414 7559 28 1201 4019 6899 7572 93 619 2142 9140 9757 1394 2217 922 3361 3454 5206 5294 204 1354 7618 9554 98 468 5647 8434 612 6530 6507
50 9438 9495 5349 6430 8676 1913 2084 4303 5997 8327 4410 6527 7693 1699 4619 9732 366 978 4776 6924 1588 1638 7232 1652 4444 4539 4684 1235 2161 1709 1877 4752 5183 5327 5816 6400 7639 7819 1620 7931 1037 1915 3776 2457 2942 4290 4648 4705 276 709
50 1721 4125 7435 7592 8320 1883 2249 2861 9218 1977 5503 6095 9908 9777 9826 2107 2182 2481 3014 5665 6192 9020 9103 9163 2415 5718 6748 5435 7262 8840 9977 5342 7227 7826 7939 9568 9924 638 3716 5583 6449 7398 947 3266 5225 7106 9824 3920 6194 7367
50 1754 1961 6515 7717 8458 9104 5175 8718 2202 3645 7265 3608 6653 3176 7721 8476 9141 368 782 958 2087 9277 9571 315 1110 1193 1933 5267 5702 6532 6972 9829 1988 2785 6399 2319 7946 8047 9442 1789 3759 1802 4237 4244 4416 4418 6257 6658 7412 244
