3 6520 262 9099
3 9702 2007 1107
5 4144 7904 4898 8452 2693
6 2343 5317 6363 5739 8606 1680
5 7329 5864 6072 8070 4996
4 1480 7003 2298 2491
7 7882 3905 6462 7028 9509 3864 3134
7 7314 881 39 3187 6830 3198 9764
5 2735 8038 4998 4303 7182
5 5437 6362 8732 605 7476
3 8160 8991 6834
3 1817 558 2134
5 6548 9624 7280 2204 9489
7 9503 9011 2605 2288 7966 264 3887
4 2881 6740 6382 4301
6 6581 3508 5321 134 1594 8046
7 1773 8239 5156 5763 8721 613 8885
5 7347 1721 928 9444 3491
5 7373 8464 2591 3265 1374
7 5426 4924 2984 1071 5625 129 8893
5 4087 288 3962 9451 8625
6 9100 9897 698 723 3705 3630
8 5377 2787 4532 3877 6169 3256 631 2499
8 6724 9751 3311 5679 5997 2692 103 8048
8 4450 8667 4029 3215 8565 619 1691 7937
5 854 1725 4135 1188 1545
7 4184 3625 8749 4148 5833 4220 7105
10 7318 2147 6526 5593 2122 5452 7387 205 9663 8124
6 7196 8786 1666 2918 7892 5950
3 5151 5604 9097
6 2959 5260 4647 2863 171 6514
5 8868 3828 6108 5072 9967
5 3163 9447 6935 1586 3749
6 2261 7205 4942 2379 5505 8762
7 2382 2082 6181 1816 2242 1572 4735
8 5424 2112 6689 6102 3061 7970 6145 2806
6 8167 2662 2344 1486 447 7181
7 8736 380 2272 5619 9944 8402 5895
7 7253 8244 2198 5481 654 4460 6792
9 2512 3090 3117 3173 1286 1119 2978 3206 1823
6 7293 8745 946 9788 2522 2289
7 6012 8767 2119 2741 3330 8156 3310
6 6480 7322 7798 3548 5664 7133
6 4884 4163 3982 9689 7228 6
7 448 3940 5674 1554 1155 7345 4127
9 19 1908 8353 4340 3139 3091 9455 7487 3337
6 7501 938 4575 6495 1270 1367
5 1057 1989 8525 6470 5044
6 9586 3487 8016 9979 7431 9648
7 7787 6729 7394 4306 3980 3359 6467
5 5626 4572 1934 9814 54
6 1433 2646 7653 2517 8251 900
7 6491 4872 1459 2721 1975 9220 4054
9 8458 8784 9144 1041 5694 964 3801 6621 7460
6 4944 8785 7741 8655 5490 1216
5 4249 7285 7711 6365 204
6 7438 8272 9880 4810 7563 8683
4 825 6902 6131 8718
6 164 3213 7536 9780 6055 7146
4 2018 6281 446 7833
6 9158 9657 6353 539 3515 8087
5 7267 5908 3694 4189 5758
7 1215 3721 396 4074 9919 2193 2269
7 2316 4673 355 4624 9742 9540 3733
7 3795 8395 5794 8248 7817 6207 4298
6 8150 5136 6530 2400 7496 6227
4 461 3868 738 3120
4 5898 9437 2594 4987
5 81 6692 9028 2698 5434
3 1209 8672 962
5 4232 2768 427 559 107
7 3555 4802 6863 634 1624 5159 1322
7 2056 7020 397 5658 6564 9986 2544
7 4869 6907 5393 8432 4845 4612 3737
5 8143 9844 7806 3252 1213
6 2352 4789 2142 7945 3703 4614
6 4689 7867 2381 7094 6943 8934
5 5480 4046 345 8061 3478
5 1415 694 9588 1614 6933
6 8699 1146 9355 7728 1341 7374
5 8343 1686 5984 3965 7290
8 1776 9559 1831 3191 4985 7850 251 7943
5 2648 6583 4753 7100 1293
7 489 3066 4247 9060 8366 1847 0
4 34 798 8066 257
3 4981 5968 2155
5 1932 9612 4380 1234 8411
5 1323 9090 6855 2877 8808
6 5837 4625 6245 2549 7332 6322
7 8079 4880 8284 5802 4632 8619 8778
5 6159 2346 7056 8006 181
7 7746 3623 2374 1724 289 8676 8543
7 6398 9118 2722 2931 7821 9676 5894
5 2115 6463 3186 6696 5460
8 3557 8449 2292 4291 3494 3150 6664 3041
6 6133 3775 8624 4385 9358 4320
6 8072 252 359 7584 2545 7771
5 4112 2412 5932 8106 913
9 6466 4536 3779 2958 2714 3960 745 7454 1318
5 4834 3054 7248 968 9530
6 2910 967 1302 4026 2629 6371
5 7716 4396 8812 7972 5048
6 5721 7528 2832 7427 1295 8308
4 584 3114 4253 835
5 843 9153 9240 8417 1003
4 2214 6034 2847 464
7 7143 4628 8842 1525 8526 3652 4484
6 4776 9784 2406 3096 6555 78
6 6069 1644 6601 2111 8014 2840
7 9581 5031 5394 3689 5164 2946 1705
5 6921 1917 5917 7168 2820
7 4658 7620 7638 7443 3610 1698 5339
4 1625 9238 4868 188
6 9965 7448 2802 5580 6323 4399
7 3435 9735 7516 577 14 6014 888
7 7957 8587 6639 3262 4928 679 3975
5 1428 9055 9310 3742 9661
4 245 6602 155 9520
5 7468 9666 1334 9953 8862
5 4664 8823 2266 2879 5274
2 5581 1092
4 8692 8872 8553 7718
6 9252 2304 9318 470 9596 7997
6 2313 1827 9017 5462 8078 6559
7 8573 5001 2468 5314 8568 6914 6241
4 3910 6309 3509 2983
7 3829 4058 8511 5482 8380 4316 3897
5 6743 6560 5186 6070 9032
5 2999 8643 8702 2080 4723
6 9030 7328 7447 8741 6005 1905
5 2462 2367 2050 1172 7593
7 378 2141 744 5643 5121 911 6288
6 9626 4593 8200 4610 1476 4757
5 6678 4092 2027 8622 5037
5 8548 4659 7176 2332 3560
6 8227 5054 5104 8145 4212 2597
5 2366 5520 8206 538 998
5 376 9474 3472 440 3407
3 921 2000 7621
4 5991 7923 793 6242
7 6172 7900 1342 4730 9006 1699 5606
8 9166 3966 9265 1660 3731 1237 8914 1009
8 8739 2330 5892 7749 4262 5353 1380 8654
8 519 5018 9068 1252 9575 1899 6445 2138
7 8489 4665 5708 9009 7279 8080 4095
4 8664 9333 4114 8253
6 986 2439 5632 650 8997 6124
7 3647 3989 874 5303 7218 8234 5348
6 3746 6825 6036 9435 9775 5084
5 9526 9889 6811 9193 5578
5 4848 8257 3216 3118 1140
4 2524 7291 6249 5647
6 8645 5495 2682 4486 4751 5900
6 6220 6340 2021 4323 6250 1060
4 9459 6759 7589 9834
4 2577 473 8313 8279
5 775 2777 4322 9826 6439
5 3566 9313 1695 9583 2839
4 853 4244 410 2609
6 1311 1850 3847 5078 1935 5176
5 210 6578 5145 3571 4823
5 9974 1251 3592 5949 3792
4 2519 3493 7565 4091
5 1282 7907 1520 6627 995
7 4387 2652 9508 2197 1736 347 443
7 9679 4470 8247 7125 3379 5896 4662
8 6360 9406 2140 4638 9407 3996 4032 8365
7 8203 2837 1197 3881 3399 8275 1375
7 7576 9433 6094 9989 3878 7991 1542
7 3362 6519 9410 7012 1933 6958 9336
7 3147 2495 4939 1328 2947 3095 3741
4 1968 2092 5671 7844
3 9338 5845 8414
3 9869 905 6960
3 5783 873 1114
6 3205 201 3074 9959 2011 794
6 9477 1271 8779 4240 3180 9782
7 549 8681 739 1224 7419 2237 8454
6 3291 6279 7868 6195 9726 2457
5 6677 5610 9057 4978 9281
6 6004 2893 1187 5327 4961 9956
7 4854 4749 2670 5102 2433 4149 9719
5 8438 7340 7852 3656 6934
6 3469 9378 3704 8536 9301 7404
6 4525 4485 5093 2932 8836 6210
7 5934 9382 9303 2505 1915 6481 9573
6 7088 4937 1004 1617 9365 2540
7 5017 5967 7334 8015 7944 7669 8556
7 3146 315 1179 87 1811 1091 5423
7 6485 8243 7316 5169 8466 3312 7221
6 1424 8881 4597 4864 6355 4363
7 3646 5356 624 9678 3674 3728 4273
7 9402 553 2649 1298 2229 9958 6624
7 2275 9219 2178 3763 1401 6187 6060
7 2904 7810 285 4330 1039 2262 1982
8 7320 9705 300 8799 7195 7520 9697 329
6 4520 3278 28 6313 8971 1878
8 4679 5402 6476 3753 917 8946 7160 9467
7 9364 8188 8932 1448 5217 8282 5661
8 9851 9276 4685 2364 6588 3935 4265 7968
7 88 8029 2596 1789 1126 2993 3712
5 6272 9400 6801 4768 9638
6 7309 6927 5835 517 9552 7052
6 683 6808 5221 9308 8126 3838
7 6663 4028 9939 6264 3519 6334 8905
6 7557 1597 3521 6892 8455 455
6 6922 9630 7616 7027 4412 6717
6 7562 6122 8316 9542 6978 9568
5 8960 6149 4082 9653 1579
6 1595 5014 9441 5039 5657 2225
6 5212 7109 5027 8010 1802 5130
6 1912 9187 8410 2690 7408 9616
6 6228 5901 8545 2311 4695 1185
7 2465 7361 150 6312 1957 6542 3464
7 7494 7207 6413 7815 6691 2022 3619
7 9031 4497 7455 7578 7644 5203 5543
5 9139 5105 6303 7121 7986
7 3257 7457 4274 6763 9479 1983 9507
4 2160 5045 8327 7983
4 2453 7639 8299 7720
6 585 8576 8258 594 8165 9069
6 7864 670 7461 9949 5905 3313
6 6969 8995 5165 5 5142 8707
5 5662 9862 1073 4766 9184
4 1369 6259 6482 504
4 3816 4654 7622 1456
7 4467 1587 4388 8603 8863 441 73
6 3411 7548 1853 1946 4820 4158
5 9654 1955 1754 4769 3081
8 6645 3418 3645 5635 3581 3670 755 1120
7 394 1465 5238 7793 7006 9053 3861
4 1345 7774 1468 2822
5 7065 5779 1753 4573 8377
9 8892 7186 8827 9950 676 1748 5153 2853 5501
8 4196 7379 6708 754 4708 5897 9792 4473
4 3222 6552 4181 778
5 3531 3145 6335 7288 1242
7 8675 4115 7595 7342 9221 154 805
6 6879 7633 1591 6683 4 4378
5 1101 3489 6472 2643 5961
6 1884 8761 7064 5488 7289 1575
5 9349 7701 8793 5544 8019
4 6965 1392 3368 3723
7 3976 2180 3879 4238 5109 2579 143
2 6949 641
6 459 701 4371 960 4977 7950
6 3990 1255 279 4596 5812 6994
7 3513 4221 6042 7507 7623 2550 623
5 3732 3908 6810 2064 1636
5 2305 751 7922 1000 2421
4 4784 4386 9154 5776
5 5279 4038 9966 6635 4799
5 6393 9077 1672 4454 7522
4 8128 9249 7151 2886
7 7227 272 9330 1762 6428 6760 2586
5 7048 7665 3015 1622 4193
6 6237 1752 286 1712 5877 3889
6 4713 7078 663 5231 4611 6289
7 8173 9720 239 3841 4464 8998 2815
7 5491 6426 720 8912 3305 1398 2953
6 6924 9785 9414 9597 5047 4277
8 1002 2355 2600 658 1578 2763 9277 4218
7 9037 4404 1631 6791 2798 7144 1887
7 4309 7080 6574 4847 7932 958 9773
5 5070 9963 6826 8180 4292
6 8486 2539 7648 8358 1548 3388
5 2520 2941 4443 5281 9600
6 1874 1655 7743 413 9667 3223
8 5970 7975 408 5080 6660 4222 5311 316
6 5090 5902 2800 1484 9615 8499
6 6654 9800 2360 8661 1728 4243
4 647 5947 1446 9531
4 895 2398 5979 2795
6 4583 5888 6977 3599 5401 3890
6 1046 9524 3058 99 7969 9304
6 2415 498 806 6369 5570 3644
6 5711 7120 7497 2137 3922 5108
7 8555 1634 6261 1469 8733 5033 706
6 2393 8189 6880 5750 1522 5784
6 4605 9263 1502 6440 3350 8908
8 4839 5324 9485 5907 8161 6531 4324 6715
6 8055 5064 3006 4618 4134 2691
6 9561 582 2023 9758 2864 8163
6 7553 2402 9233 62 4925 6010
6 6197 2213 3550 2472 7590 3971
5 6742 6634 7050 9 5068
5 6913 2676 7664 756 6011
5 2636 1436 2588 9146 7405
8 5213 7086 9539 2570 4468 4600 1011 7304
5 4493 5804 2866 8647 2334
6 719 4209 600 4983 2097 5362
6 5727 6374 3454 6427 139 9484
4 6883 7033 9521 6191
6 6946 7502 5595 3634 9413 8001
4 1067 5612 1953 2010
5 3338 6529 9905 4994 6819
8 6048 4246 7081 1175 6429 8478 2310 6675
4 8306 7523 1329 5364
5 1319 1907 1960 7859 4210
6 209 5101 1647 2403 8205 3642
4 7802 9725 6256 6388
8 8521 7513 2831 2957 9242 6436 8634 3978
6 9817 2653 3293 1673 2069 7851
9 606 7401 6656 2338 3101 6608 9428 5494 2029
6 4794 5847 442 5323 2766 923
9 3168 5716 423 1384 4282 6370 9398 2987 3927
5 7585 8506 2341 5209 4510
4 2418 4066 657 2509
6 4829 8346 4224 8886 5119 2411
5 629 6247 2925 5162 1950
3 249 360 2096
6 2315 6963 7872 8095 5978 5874
5 9681 9566 167 5251 7744
5 4582 8051 597 9551 5855
6 4200 4792 5106 6501 9431 3275
4 7636 8689 8487 1191
8 6031 7364 507 3136 6852 9008 3369 2659
5 9685 2930 2303 1772 7527
4 320 7637 7760 5225
4 2241 9868 8714 3698
7 4170 1160 3512 5329 3062 3304 7157
6 3651 6970 3201 4287 7095 7825
6 3083 3925 8492 4398 8473 1923
6 1993 8705 3650 890 5470 9206
5 1589 1151 5617 5077 5512
6 2270 5971 3668 4294 6524 7625
6 7384 9424 6270 4668 6611 8874
6 2220 2086 2678 4681 3128 4013
7 1883 711 7425 2057 1241 6301 1249
7 4414 8951 1142 5240 6859 2595 6271
4 1430 686 1687 6613
8 697 6648 4250 4278 8734 2553 6226 8375
4 2506 6737 4445 390
8 7312 1509 4085 7352 2068 5319 1927 4968
2 5533 170
6 3439 7788 4076 4971 6212 8232
4 2660 9423 5354 2188
5 8300 9363 9713 787 3026
8 8835 8882 7865 880 9565 2616 1419 5416
6 6135 9015 6671 4463 5935 6750
5 1256 2582 6525 1760 3042
7 1406 3669 6196 4852 2091 4284 6086
7 5517 8902 1639 3590 8461 16 6093
7 9675 4807 6884 4407 6915 8125 2897
7 7255 187 6165 9408 3003 9417 3402
5 8586 65 8170 9280 242
5 945 1501 8544 6088 3417
6 1066 2748 7210 3750 6376 4844
6 1338 4043 4613 6489 4599 9532
5 2442 3682 3803 7977 7089
5 1438 5367 6225 574 8717
7 4255 7392 2644 5951 9426 4458 685
5 6053 4584 9288 3782 2430
3 8686 1371 7025
7 156 2470 9012 2035 7302 690 2610
6 523 3476 9208 8356 9493 7979
4 8073 824 5608 343
6 2576 4878 2732 6204 9717 9536
4 5849 5283 7752 868
4 3424 7949 7269 4281
4 9627 4206 8596 3934
6 7889 8809 5215 9607 4049 5456
4 2718 1506 9994 1708
4 3968 7333 5058 8910
5 8917 6234 3920 8540 5003
6 138 4050 9183 4722 6954 7059
5 493 4744 2351 8089 3431
6 7901 5214 6203 3391 9957 4124
3 8806 5059 296
3 7134 9669 5964
2 9723 8301
4 2995 8197 45 6701
3 3397 3944 3289
5 6138 8081 5271 2191 5269
4 4035 7159 7163 3617
6 9610 965 2429 891 9434 8166
8 3197 4630 7915 9328 5100 695 163 1001
3 4138 1080 7017
9 5335 1194 3839 7014 2268 1766 8392 3872 8503
6 8338 3052 3532 5755 6396 4891
5 9890 4336 7128 5455 8222
6 5890 7529 1707 6341 5515 9990
5 8918 9075 36 1268 3063
4 2573 614 8114 383
5 6897 2075 9840 2103 5592
7 8175 5050 4561 7101 7265 2001 5265
5 8652 7848 9372 1287 7649
7 268 9513 2299 3909 53 8 8467
5 2846 6975 8632 8985 4047
5 9602 3461 9535 5395 2818
7 1372 2467 5183 9315 9603 7074 9439
4 6513 6486 7299 3279
7 9757 2345 1449 1370 478 3945 5449
6 1040 2231 8140 3759 9004 2671
2 4736 6595
6 8955 9186 30 1797 593 5542
6 1560 178 6089 6714 515 1022
5 3203 8212 6629 1029 8424
7 7451 533 5442 7627 5019 3856 3440
6 9633 1834 4739 3525 7112 2200
