3 466 4032 9307
5 516 2634 283 98 6830
5 5956 2953 3578 224 7368
12 3171 987 6215 9389 6071 7780 5629 9025 6055 7774 819 2436
12 1126 8489 8982 1366 1073 3358 105 6002 1939 6598 5280 7364
13 4243 1724 5964 9177 2742 6771 8101 5173 3237 7966 7850 3668 5453
19 167 2135 7163 6224 1215 2893 921 853 4613 9766 347 7804 4600 4940 8978 9404 1596 7690 9604
21 6284 281 813 7190 39 567 6492 1743 3032 4780 1357 4029 7956 9715 5294 6303 4297 120 1916 7534 7796
23 6595 7694 5028 8680 4064 5304 9545 8976 9233 5477 772 8342 7945 3081 1628 6053 5728 9347 1454 5216 9018 8670 2497
23 9488 6190 9658 7776 3508 4776 5924 7003 5034 6469 2190 3980 9813 6517 4416 5110 3906 2099 4832 7934 5178 2879 722
22 6727 6280 9184 2574 5760 2245 5827 3690 3115 5089 9026 5788 8809 2437 4320 5536 7106 1875 6932 1778 7908 1289
25 7109 6509 8273 851 5327 7877 6951 4845 4737 3073 8825 5468 1624 4899 2363 8229 186 8763 1718 5507 6142 5365 4821 9784 3227
32 8983 477 1809 5705 6263 1988 7560 6448 3193 6387 5816 6875 5651 6525 9684 2347 5025 668 6548 316 8243 4075 4783 9523 1615 6751 2516 1136 7839 6279 9481 8265
20 6428 9696 9236 5298 6304 9055 1519 8150 4774 3971 3639 9114 9536 160 3687 5471 1323 5513 5007 4644
22 1285 9874 4446 1044 1630 6060 9434 2581 8580 9237 7920 5061 8065 9086 5665 9001 3226 4287 1079 439 5065 3143
33 7309 8143 4219 6635 5910 2401 3090 7393 6186 3348 4694 933 9964 7258 3963 5379 2974 9480 1230 7064 2035 6903 7263 9578 1859 5158 1594 8174 3045 9113 6524 3931 6246
28 3179 1566 2198 4980 4076 373 1303 3284 4815 4812 4359 9512 4670 6568 6122 4016 4572 4959 9074 5337 5391 8891 4735 9164 6960 8964 7747 7820
28 9543 8995 7724 5696 6233 9029 1436 2017 2872 3056 2379 3615 8643 2871 2362 4731 4022 1019 9514 7508 9642 937 8061 2881 9423 8715 1027 5987
30 3181 1787 4194 2931 3487 6388 5081 5199 3576 7975 361 6555 3282 650 1180 4253 1497 6981 9342 1254 2667 1361 7726 573 3305 3157 7817 3048 3021 4087
33 3155 6754 4788 6710 5177 9380 8645 199 1749 2520 7001 6483 4054 2839 354 1684 5602 3263 3750 3483 8169 692 8192 7396 6356 749 8916 1981 5897 3159 1773 1793 5953
33 1942 3353 8701 1322 2868 1668 8067 8734 8755 2826 7948 369 3939 4706 3473 6689 9214 7403 201 1586 5172 6489 8902 1686 8510 6324 891 8792 3404 8068 3008 8240 694
35 3579 6935 6677 1562 8328 7227 6747 7473 9808 7284 9812 2276 5913 861 4074 9716 2690 9706 4404 3178 8531 4208 2434 2160 3948 2211 7164 4995 8218 5548 730 5559 4712 6576 5255
35 4066 450 5206 6699 288 4976 5171 2992 5619 7675 6856 301 4401 2948 5874 8095 7750 7159 9674 4085 5242 7504 4846 9656 5328 1514 5599 2104 6248 9030 7192 3074 8096 8694 470
42 6975 207 2648 3496 6117 8339 4718 1178 5875 4350 9439 9329 9267 2947 4130 7706 3303 6321 5519 8901 7888 8217 9405 8996 8612 2665 3230 5358 4462 2340 6688 1937 6929 5864 806 4913 1270 9045 3422 2952 4235 4962
31 7427 2736 4529 7625 8620 5360 5802 5440 799 9763 8384 623 2226 4434 5692 5986 9726 875 5640 4305 3864 2905 7905 7463 6916 2498 8583 9724 4539 8194 973
37 5952 4088 9930 4067 5671 5244 425 6296 4882 6976 5330 6147 2741 9409 6306 588 5060 3621 1582 7495 4709 5625 1729 1658 7469 9686 1337 4721 8712 8749 9916 4695 24 547 3006 5392 8392
38 9890 7662 3534 9891 2003 7430 238 8036 4758 2689 1557 428 7740 5606 7112 2753 1783 2837 9893 3004 5498 6106 5750 4513 9875 5203 9972 3994 7281 7490 415 65 4714 491 2267 2587 3913 341
36 45 6610 3268 7867 130 1505 5201 2960 6256 8794 9760 2502 5198 5689 6545 639 758 5958 4470 2899 5131 7433 6199 5981 8252 3141 3559 8567 9193 121 6762 1184 7854 5618 2254 6148
35 1788 7648 1575 2096 5084 7927 3300 3379 5064 4785 2076 4749 2324 2108 4704 8221 7189 2366 6101 6880 372 29 8160 2398 634 8117 172 240 7705 145 6442 1369 1522 9192 6787
39 862 8678 1768 5798 5134 5574 7405 4387 8458 8603 4281 5530 1618 8558 1879 9367 7792 1667 920 5577 4043 6957 9000 1432 8054 7 8557 6281 4848 8556 4176 8077 6153 5526 8928 7470 2582 8945 9403
42 8205 7006 701 9537 9407 7087 4089 8569 2310 6409 1680 9919 5096 4316 6582 6893 1698 1721 7588 7099 7739 254 514 4207 8016 6297 5458 6109 1041 770 7799 9602 6040 5402 4746 1022 9828 8596 696 6656 447 9895
35 9475 1752 4753 2253 7528 5857 9489 6562 1433 6690 1620 972 4985 2413 9311 92 7363 8341 3747 6180 9935 8495 3928 7266 4173 8716 1277 5677 6972 3652 4407 4354 6189 7775 2936
31 9321 3911 3064 8717 7719 6752 8389 8182 1545 5974 2004 115 2683 984 6072 4365 1706 1046 2333 6528 1008 7963 5141 5922 5363 4663 7972 5344 9950 511 6906
42 7782 61 7689 8745 3036 629 8368 147 6007 9975 3318 1821 1317 6230 7105 3817 8437 5830 5289 1771 5132 4448 8401 4118 4451 5672 8459 329 3089 1513 1510 880 8408 4517 8376 4222 9579 127 6587 4256 9802 2388
38 4759 2069 8699 5598 2524 2201 1373 3556 3784 3234 1020 1525 7484 5297 3315 3974 4180 5443 7700 7499 3884 8171 4837 5893 6834 876 4362 5575 6713 9563 6920 2616 3734 3355 3038 9109 9555 3767
40 4397 3260 5846 2137 9416 8442 5896 9986 8289 8728 718 7122 4823 292 8721 189 9185 9250 99 1142 3287 7681 5746 8140 6127 1426 5605 7665 8126 8388 8852 7440 7220 8202 3274 7261 166 6663 2291 9163
38 4467 4398 8781 3765 2085 795 9462 550 5496 2415 5490 9973 1723 2923 7056 863 8560 1382 8029 3754 1845 1649 5697 4013 7818 1155 8635 3613 4741 2559 2093 8708 5918 7729 7270 8317 8771 6091
45 570 1831 4805 1359 9797 9459 5815 7890 6046 3335 7185 7840 9107 91 4566 8463 5429 4687 2068 9332 9628 5118 2967 7033 8942 1050 1413 604 8133 7510 3475 988 7497 8719 8451 6858 783 7858 8484 9947 5877 4526 4419 3901 2451
35 1141 7735 3632 5511 6504 949 9121 7142 902 290 1643 2207 4732 6586 8536 6508 1102 611 7273 3327 1611 8704 9744 2222 8203 652 1634 4798 3092 6094 3106 3366 3540 9786 4329
36 2038 2414 3302 8027 8277 9848 5739 4465 9310 51 1971 8623 2122 6997 4601 1135 2387 9011 2231 7808 5246 2700 8354 9402 1324 2405 8323 9788 4381 2189 3218 9731 5712 852 3952 4659
42 3440 8346 9446 1204 6729 4259 5942 3536 1257 4472 690 3741 7745 6329 9634 2052 4583 4851 5731 7795 6963 4609 4541 5415 7716 9801 7226 1945 9859 5234 3424 8788 8058 7617 3311 8893 2544 8501 9349 3829 869 9358
35 3581 8625 1196 4476 1390 1659 9504 4639 3420 7317 5769 1064 5012 2337 2021 5905 8332 2632 4750 4836 2127 8208 3294 6840 9004 857 9181 4840 575 4412 2329 5621 6496 870 7887
36 4801 7151 676 4018 4082 4514 9708 3513 204 1082 1852 2651 5781 3942 9359 7146 14 58 2492 3252 7506 7646 5620 6691 9102 2177 4510 1974 6631 3779 9244 638 4337 8782 2431 9138
43 156 6198 8103 6959 5545 460 4415 3009 1644 8464 7412 8005 420 1767 6572 392 2943 9363 3131 1292 7557 4288 1535 9299 3638 595 8321 6984 5087 136 3395 6031 1031 9399 6254 8032 7413 8081 4619 9100 5044 3531 5698
35 2717 1437 5209 3367 8957 1299 3151 883 5350 9835 9792 4343 9279 3184 905 1379 5444 8703 4744 7954 2787 2529 7224 9318 3438 197 4061 8823 344 455 9953 3406 3870 4871 1851
37 5388 4878 7957 3412 8204 5401 3205 4726 7466 7037 6882 909 9739 4925 5880 4340 7365 1710 8379 1645 5421 4301 9313 8173 3626 7827 9652 640 7687 4271 6076 8660 8542 6235 6942 2942 3808
36 6599 9435 854 1608 73 3347 8494 2644 320 3037 4885 3670 394 6082 781 4488 1 8336 7437 244 2898 8380 3658 4781 104 1479 1153 9978 1943 7090 6022 8743 5928 3080 8548 2103
39 8434 4937 2049 6600 3225 930 6452 3243 8262 8876 6473 2120 384 9780 8938 1091 76 855 5817 998 8210 4902 3960 4596 9843 8280 1332 7169 3521 2566 2618 9082 6203 581 8305 7435 371 8114 411
36 8850 3149 7516 6563 2916 745 80 1118 4691 4047 8931 997 1742 6601 1034 7242 3401 4276 7630 3650 9598 6649 3261 9345 7959 1438 7067 7711 4150 8485 5780 3589 8768 1559 9770 7649
37 476 5245 90 3698 6756 5031 7603 3851 2053 4393 7993 9281 715 9057 6927 6310 2235 8200 6521 1392 3571 6758 9896 2259 7874 2605 7306 6801 737 1957 1975 2275 6881 2968 9607 3071 6898
38 5030 7256 5703 8399 9601 1909 5233 8134 7060 1049 5151 8991 4975 9093 5384 8153 2183 4002 2897 8482 270 5187 6904 1720 9016 7783 122 3219 3542 4326 1375 5593 7029 7174 8774 6955 6625 5193
32 94 7047 3322 6123 6262 4828 3528 1269 8808 2760 3743 5292 5691 2148 9334 2631 7656 1341 2173 9316 7350 520 8127 859 7746 9517 9285 8880 9968 3529 2678 6216
42 3363 5254 5387 8829 2205 3903 8575 8250 8266 5863 8737 9870 1603 4229 4168 8350 1489 858 1171 7007 2206 193 3408 923 4357 761 4142 8181 3564 2356 6391 6290 9667 8606 442 5430 3796 4811 5527 8374 8816 9932
42 820 4766 2874 1415 289 5126 3984 8911 3158 9885 4577 4929 5121 7680 5018 4376 8124 8223 210 7702 7622 335 7271 180 3068 9396 9530 6107 2159 6067 6273 7551 3729 2927 3717 5813 1385 6029 2585 4063 9782 9697
41 6440 8057 3681 457 1691 9454 9937 6419 8687 472 9690 7243 8511 9127 1908 4918 4546 7757 2475 9400 1047 6807 7196 4557 7079 6777 6558 6853 3751 6158 8508 8818 6086 3510 4908 9143 235 5717 3530 3826 7911
42 6042 2090 2563 9992 4944 7026 2239 3139 4950 1609 4017 9274 2835 1349 5382 5811 3695 2389 5015 5306 9424 3677 8370 299 3723 3485 5164 6394 9608 8739 9722 9069 5521 1576 6308 3979 3467 3421 8298 6626 5789 9346
40 2156 8039 4119 9695 1835 9940 4096 9133 7356 1549 3069 2028 3058 4658 4092 4779 6624 5356 9325 2327 6802 9730 2047 8300 7314 2575 4537 1857 3498 2856 2360 3450 8018 2501 5985 8522 4540 6680 1551 2288
38 8709 3832 4543 5503 5934 5456 357 9856 9339 8238 1419 334 6399 628 3250 5191 6170 1517 2006 2131 2596 8161 9048 4203 9433 3947 7524 9022 1682 6222 7152 1287 6490 6722 9829 4135 1235 2810
44 526 3233 5500 5889 8415 8026 1100 9027 2775 7116 7621 6854 1242 194 5070 4223 7785 9365 4179 1919 3393 6996 3657 318 2326 5013 7210 7333 5853 8973 7017 4209 6852 8690 3112 6408 5305 2866 7951 9152 8619 4418 3857 4347
42 3720 5675 7969 9699 2301 685 4457 8532 9889 168 3785 9089 8832 7928 2998 5611 9458 9256 5993 3389 1057 3013 8529 100 5393 4220 4225 4971 7736 5085 9331 6661 4105 8197 2990 2938 287 5092 3474 5970 5269 6202
40 4960 9049 7674 9635 3899 5461 9943 8178 8541 1306 1802 4413 2955 3407 8661 116 6044 3684 8990 3463 9421 1780 2420 260 1733 4445 2172 1501 1183 3838 3002 2454 8695 8979 4827 1655 9991 7194 9799 5107
36 5919 8849 879 6554 6105 5074 4831 9970 6357 8877 9809 4425 4914 1418 6836 8139 716 2951 864 4554 7198 9195 7451 9657 3022 37 7666 8343 1811 79 3760 2105 561 1399 2467 3595
38 6507 8835 3460 9366 5658 8904 5142 358 5793 527 8899 6145 7459 2165 4167 8867 1416 2466 812 6775 5165 9938 7254 8312 6455 3627 8104 4681 9524 3943 8846 6141 1446 4961 6325 4998 8682 5638
38 6430 2996 1038 6925 9385 6718 5969 409 6615 6860 1435 1000 3850 3975 322 9010 7088 2549 3961 6962 2445 6372 4863 3809 8600 4675 1500 9364 1546 2824 4688 2779 7156 5374 3601 4268 3570 4901
40 8450 6261 6671 5008 7235 8851 8513 7974 1160 7916 5861 3654 8655 2989 266 2050 916 339 1621 4602 7853 3470 3567 1195 9046 4770 7786 707 7204 8405 735 8929 9819 2862 4461 2999 7399 6755 5320 9556
39 3016 6392 5832 7096 9183 8793 2318 4003 6847 7268 3336 7939 7340 8538 3174 9618 6811 278 1719 7102 7848 3466 4928 7599 3276 5753 137 4536 6848 8287 5300 9065 9912 5032 3985 1727 4897 9841 969
36 2822 625 4126 7572 1822 9467 6295 1174 8486 3429 1683 3415 1460 3003 1701 7124 6644 3602 4399 7141 6349 9746 1850 7182 3977 6702 9028 6316 6181 1266 4224 8776 7654 2956 1637 3399
37 2870 4701 8282 3118 9777 9242 5759 6057 1639 9461 9733 5407 4997 4565 5137 3228 5249 1467 805 7237 8752 2225 7206 4475 248 8705 9105 5656 1591 5217 7444 1815 6532 9170 7805 2623 7577
39 719 2711 571 8549 5144 4231 8958 8441 2679 1081 6188 4021 9750 798 1176 2262 2800 3061 1494 744 6146 7628 3052 7825 7269 672 2621 7255 6196 6782 9176 7807 7520 1263 6637 7214 4923 8395 63
36 6005 2168 15 8910 5435 6359 7316 9798 1304 6666 2116 1003 7150 249 9552 844 1950 9570 5841 7447 9005 9981 727 1463 2932 9623 9063 4039 8554 7048 1115 7930 3663 9094 8314 9600
39 2442 5237 7442 3764 7416 5525 6816 5901 8913 3486 2748 8488 5512 8398 2511 5699 644 310 9287 9169 7898 9140 6884 2910 6054 5799 6514 1569 3357 118 346 4463 5232 2248 3909 7123 7741 849 1868
38 552 3312 2940 5241 8327 1422 6275 9494 422 2266 3489 3439 3863 5106 6252 6646 9326 86 5565 7591 9066 5123 6967 7127 246 6604 7446 4528 483 2449 7339 8308 1978 2505 2119 7926 9431 8799
38 6197 596 7639 8324 563 4436 8697 5416 6868 1604 365 9725 3055 3545 4564 1972 2615 4218 4328 3927 5056 2625 1156 6958 3976 2827 4102 4606 9369 9108 5408 7754 3859 5215 7789 9003 7049 4585
48 5876 7849 7642 3209 523 1140 2304 8950 8615 1756 4252 4175 1414 6411 9477 9994 2303 5509 5425 5404 7068 4952 4423 922 4598 9381 9668 3605 9734 4740 2029 4911 1291 9088 1157 8086 3600 142 3841 7376 4646 4984 9080 2357 824 9748 6952 4964
37 7229 7313 7175 7918 3283 9772 4553 4302 2920 5238 4306 391 1647 3484 1695 2404 522 8498 5252 538 3869 7103 2460 1252 3964 5544 6383 9142 7480 296 3163 464 2533 8011 9293 2493 7917
43 804 7855 5595 4458 3844 9621 5086 5797 1131 5166 4273 9356 3604 4500 2846 3565 7522 1849 67 6178 8886 4930 1353 2485 8847 5331 8107 2164 9162 2750 2628 2002 5743 3900 828 4449 5560 5776 2572 4411 1464 7134 6575
49 327 4852 9151 9360 3991 1424 8949 6313 7752 6485 8634 9585 5596 7349 8000 1810 8874 4204 1792 3553 5309 2825 6176 9261 1170 533 297 756 4162 8259 5464 912 7879 8473 3539 1910 4427 9550 4468 149 9759 9023 8582 4680 8037 3062 1738 3188 2084
47 2584 3902 3665 3258 4238 5908 128 2399 9224 5949 2519 5022 2908 2238 5168 1735 5856 4444 7135 6672 359 3147 5441 782 7118 4813 2300 3641 8757 1231 8420 5573 3773 6645 4324 959 7669 7895 8637 2691 41 4890 8412 4111 277 6632 7414
39 1826 3104 5069 4169 667 7020 2768 4030 5446 7296 5916 1610 3388 6531 5501 7766 1933 5135 9757 6594 386 1346 3088 985 500 6243 5933 2543 6420 7073 826 8533 3196 2709 8953 4973 5779 1071 6596
46 8372 7901 1660 7871 271 4165 1264 9752 9223 662 8968 4174 6472 5900 4792 2132 7811 1045 5568 1929 8378 7167 3211 367 4538 4240 398 7200 9518 1090 6896 776 293 1953 708 8985 7303 2732 5649 8164 2844 2796 6542 7165 2249 6627
49 7914 8299 5197 6796 8875 3682 2140 7575 1631 7436 1412 4486 792 5167 8553 2601 8588 1039 1207 8358 6183 532 6581 7429 6137 7130 2811 6698 2757 325 2299 9985 7083 5891 5807 3569 9275 8449 7461 7933 8962 1305 4384 467 3758 3962 8479 503 6301
37 2995 9714 9336 9157 9075 7728 5693 4358 4640 8493 5119 2808 7983 1321 8509 8371 412 9729 5346 6518 1598 8291 2473 8537 9897 8059 6536 1006 8382 9691 1790 7119 6921 5317 2807 7568 5561
43 9191 4891 660 8472 4634 1134 8439 7147 1152 8831 5163 1167 4348 3156 8477 9562 8214 1256 8369 2412 3094 3317 9414 7587 1122 4862 4051 3418 6124 7635 1234 8069 8430 3935 317 6077 5715 6534 9869 4352 6269 5002 6405
39 9738 1805 314 766 1681 8778 2138 2359 7769 6795 9451 8131 6609 9231 2178 9216 6780 3543 8605 3896 9455 8175 2364 8333 762 154 913 1274 3097 4920 2875 3426 2491 517 321 4947 3957 9204 4915
36 3875 4568 9136 8592 9590 7845 6634 9220 7117 5133 3813 8391 300 4579 7816 403 6993 3978 2278 8031 5001 5150 7624 8767 6023 5321 5414 7892 898 5039 3699 8585 8918 126 578 8465
37 8033 5465 2234 7760 6845 7937 910 7864 158 236 1411 7605 9126 2286 3144 6918 4696 9983 4471 8475 6166 7737 7208 8608 6641 8357 6608 458 9198 7987 5180 3527 4895 5489 5050 7997 2925
41 2713 3247 839 5865 2858 6864 4311 9123 4917 5724 8897 1229 2247 2313 3648 1837 7209 4136 6206 865 337 2193 6841 5447 9021 5594 1823 1977 6870 9137 1979 7434 8188 1538 1281 2094 5926 8402 3918 7063 531
44 835 1959 4260 8152 2152 3210 5129 170 498 1123 2914 590 1487 1165 3479 311 5277 2799 5906 7767 1889 4921 5488 2032 9666 8601 2043 8056 3822 438 5623 1949 9597 6913 1475 2638 4664 3478 9586 3719 4762 6633 6730 9212
39 9670 2823 4760 2550 1377 8267 8657 5829 7944 8093 9675 8001 2078 7925 7377 5442 3456 4199 7431 9453 492 5505 1265 1931 4842 3245 1116 7241 7565 2461 8344 1078 9036 8738 8105 5633 637 9768 5674
46 1179 1813 9814 2378 5837 5475 2614 9612 6889 4192 7176 93 177 5222 6185 753 8862 9178 3685 2589 3446 2204 2939 9876 6418 9647 2660 4654 8233 6839 4405 1388 4755 5710 5099 5286 8648 2991 2537 2345 2789 4682 6266 5851 4097 9941
37 4830 4611 405 4091 89 6983 3201 4710 9836 7327 7910 3904 3281 2525 9420 4647 3563 9207 6544 4011 6350 5622 8367 3342 8301 2073 9206 1699 2486 8014 7647 2095 1227 5257 6647 2494 960
37 7678 5771 3953 8073 8756 6128 2728 2738 9762 7409 3608 1867 7838 6337 406 3889 4351 1146 3786 7221 1225 6417 6396 7821 8930 2458 8888 5792 7445 441 9977 617 7002 936 1791 4978 3082
38 3501 2526 6474 3442 8766 8046 2840 4597 9648 5587 7777 1516 7709 9218 3807 6298 6510 4230 3137 4414 7994 9017 2271 1043 1075 1284 3966 4245 1687 3768 3374 9849 9064 9987 9894 7593 2907 9918
42 7793 6294 1191 2228 874 6444 2346 9915 4083 4134 6675 2680 5514 59 5175 8335 7941 1144 225 3828 3926 989 8148 2283 6714 6940 3596 1581 2754 3549 7943 5271 1814 4283 2619 88 7791 6495 5795 8574 1503 5486
38 395 612 1764 7014 3259 2058 7201 4251 513 5772 9415 525 2629 3298 9857 4689 6665 8038 6908 4215 1536 5385 6343 1757 4649 7640 7085 3221 9226 5140 6769 2571 3168 103 1928 2809 1665 2786
38 187 3039 5886 3391 8681 4495 7149 1245 7607 1689 9260 1307 8325 2011 5124 1069 5770 4761 4090 1054 8461 8034 6438 7550 1334 5339 6642 8905 2503 2109 9713 6704 2478 1820 5609 6435 1428 2217
44 1109 1512 5324 6410 6255 7259 1055 2747 9241 5784 2771 4588 8123 8211 1326 4163 8677 3637 228 8191 3812 5220 9547 8597 3129 6075 2309 1973 6946 2272 4778 992 3788 5518 6131 4651 8633 6660 4702 253 3840 655 1533 6371
49 2851 5266 9589 1746 6363 2186 1241 7232 8966 1794 2352 9546 7061 252 6522 3167 7614 8213 6590 3277 9012 8824 4081 7025 5006 9430 8650 6629 5982 5810 7578 8671 1970 9511 847 6047 6733 8785 50 8838 4450 7457 2308 2088 7900 5491 8744 9354 4556
42 9053 4804 6200 2876 1247 5258 208 5348 7022 8970 6393 9753 9153 3215 5189 5659 4782 1206 9654 3798 6763 2220 5075 2060 6628 6724 5394 4023 9920 9125 364 4508 5765 9306 6636 6260 251 717 8895 2567 5591 7756
43 352 9868 3551 4794 26 5653 3582 1961 7279 6731 9790 5850 2917 9425 0 901 7802 4374 3454 7336 2382 7157 9694 3152 3674 5026 4310 1781 1906 2229 9473 7570 3924 284 5684 2282 4319 8302 9124 7738 4380 7540 6422
44 3636 2734 1925 3827 4574 750 9791 6664 6481 2024 3573 8718 4692 2562 4880 620 7670 2030 38 6191 3635 2743 8925 1963 30 9681 9923 8226 842 9429 6193 1026 3725 7657 9013 6467 8433 7332 9905 5747 8070 1327 9827 7688
45 8141 2785 6092 3462 3177 404 1558 5714 1441 7065 1707 1151 7513 4630 8274 3431 7771 1548 5803 1642 2686 8334 5504 3700 4072 9712 379 3400 4027 7231 755 9867 8947 7814 1663 9132 1110 3397 3661 8241 9765 7521 6038 5991 6511
39 2603 23 7343 8870 4327 1025 7180 5682 6547 1904 5838 363 313 4665 7374 7330 778 140 4633 6721 815 2979 5067 8155 1336 6678 9823 8720 9298 6934 1902 1018 2214 1333 2257 7843 9015 6784 7527
42 3756 4949 4060 702 540 2051 5349 5051 3410 5670 4969 1759 8700 6436 1423 5023 7039 560 4290 1182 1796 2903 8621 9290 6006 7626 1632 7999 370 3031 2580 829 8806 6194 1331 1570 2626 809 8244 4956 7537 6413
42 7633 7148 8383 8118 4050 8584 1004 8834 9554 8993 7062 2289 1248 9526 2325 9370 9228 8035 5782 9344 6282 2419 7181 2312 6288 8230 759 3365 4234 3296 4484 2483 2197 1728 3208 9710 5787 480 1678 2523 8387 5273
42 4523 2150 8097 9592 9956 5263 9816 780 6177 7800 9395 8526 6538 9531 7305 4031 2260 5200 6238 2044 5152 48 2645 3568 2187 3499 6120 9676 801 5563 72 4216 5676 3910 3727 4666 4580 9542 1739 2016 1993 2894
41 1769 8595 2921 528 6857 9732 9515 7351 8663 4887 4478 7790 2654 6708 7071 3402 4079 8552 3078 8337 2759 2019 9616 4149 5426 9595 6939 5927 6938 1619 7548 9521 6579 9277 8736 4631 2828 1891 953 9410 7652
42 5645 4071 6597 429 2141 2343 6766 908 8471 7650 9583 499 5183 1226 7661 8815 1934 1490 9769 4578 1308 6338 3067 1828 6326 8827 2128 7160 9663 1722 1703 5932 752 9291 8527 6569 6943 9422 3956 1690 1990 9418
45 7132 1824 8961 6980 4808 1860 8543 2971 5855 4926 8711 2608 4394 6912 4545 5355 1898 3362 4864 2397 3839 2900 6129 6552 6591 123 4883 8519 4496 9567 3162 649 7357 1901 8209 2471 3673 9348 113 7154 2203 7089 6404 2719 2994
40 9058 5532 7569 8503 3575 3811 3 8237 1442 9520 704 8572 1888 1238 2281 1301 5090 5791 161 3584 4295 8686 3730 5758 1832 5688 3325 5357 2133 6285 7762 757 9603 6 614 8779 3958 8959 5285 2791
39 6001 4773 6245 8540 3396 6322 2677 3804 9619 5639 8641 2499 6715 8055 7195 9728 2946 564 2416 9501 5804 7072 1272 4549 7673 5236 6476 8496 5047 3538 206 1108 8576 4346 3451 8731 6561 6546 3810
35 5097 1816 5476 7244 4 3518 9817 5706 3619 9270 8689 8617 4990 3434 5818 1371 6115 6692 4477 2462 938 64 5038 3740 9614 7070 9271 366 5814 7465 4342 9840 8658 7655 75
41 8502 27 3860 6250 6351 931 1913 215 3079 760 3297 5159 9376 3925 991 4140 5083 6892 9845 6772 8051 4157 5239 444 9266 1502 4991 2733 6605 7034 7420 4912 4265 7052 5660 5711 2311 3083 3173 5473 496
35 8561 5057 3815 1067 5898 1175 3350 9384 9961 4048 2298 4542 9529 3313 4520 6398 7126 7013 4033 505 4570 5463 5288 3566 7372 5722 8427 4000 374 2865 677 7474 8062 6159 2107
36 6424 7030 8386 9984 9378 6113 4123 5368 8500 8022 1541 484 576 7415 200 4262 3989 4833 7586 7962 9483 9596 6365 9295 8869 7023 2726 9965 1381 7902 9034 6667 7921 9388 4690 6479
40 666 4077 3628 6890 69 8074 2293 4636 1560 163 3103 7347 5315 8723 7693 5879 1986 545 9497 7300 7873 5909 1358 1661 7564 8425 388 3253 5778 6529 7452 7092 3862 4733 8043 1105 6377 6498 2067 5666
41 1434 688 7031 1924 3694 3763 5207 7519 8890 1076 9640 3520 6793 9149 6550 7472 8505 3435 4986 1262 3721 5540 9122 5642 5971 1033 4453 8839 6083 7571 3029 2377 5888 1443 5995 6059 8487 4548 7772 3101 5738
40 7318 4447 2652 2554 6687 2000 2930 7667 4093 6622 939 3182 5556 4524 5055 4958 1121 2857 2610 6368 9824 6809 6291 7385 1530 8707 7248 8288 1654 9644 3414 3133 7523 6136 6431 2776 4954 5418 3107 233
46 9858 4473 8730 7566 8431 2573 5680 5251 9096 8320 9665 7028 2674 1725 5369 4055 2624 7875 9908 9051 8907 7712 3416 2675 3894 7307 9091 2181 1161 4742 3594 5179 6219 165 6477 1162 9062 2669 3614 621 426 7517 6673 1991 3375 1635
44 3448 152 6557 1531 3235 8797 291 3126 3898 4015 9315 6944 2375 1259 6069 4720 3955 5890 2790 9651 3220 3175 6450 6100 6119 6965 9653 5003 8313 8397 4261 2455 7137 2102 8045 1378 2264 427 8272 9580 6149 5481 1212 3116
39 2805 1587 9443 6891 5557 915 5537 446 896 5968 375 3541 1657 1368 6584 6084 1083 9412 8889 1650 7032 5716 6945 8762 8610 884 1741 211 5627 7964 6526 9171 6139 4155 6717 9374 7362 966 711
40 175 724 3766 7946 5608 256 2836 7384 5156 5308 8234 2358 4282 5312 9006 2457 6277 2522 6914 3273 6585 8666 6114 8859 1451 8796 635 9560 4826 2488 4595 5607 9879 4979 4705 7544 5678 641 9343 6172
30 934 6668 9441 3385 7698 2482 4757 7485 8791 2950 107 1882 3892 6434 709 1585 5833 7882 2576 4838 6487 1748 4894 6370 5785 2545 1527 4907 396 1911
39 1466 1568 8948 7015 7720 5881 2640 5448 5940 8050 2873 6519 4325 8518 5843 3606 9952 9249 2124 584 9464 6716 6873 1885 9617 9553 5098 599 4187 4854 6700 1107 9834 114 2046 6867 4270 1397 4131
36 2368 2297 6151 1407 416 1700 6623 6211 8285 5223 9864 9084 1354 5036 6318 7108 8020 7344 2171 729 6786 1848 7829 9156 326 2997 631 3967 4154 8951 963 1374 6986 3936 6654 1651
36 586 227 7358 3914 3867 4455 8072 4391 8765 185 8349 5523 8943 5550 8278 2977 9008 6426 5484 5755 2806 2411 3776 1806 3666 1216 3270 1782 4336 5624 9020 1714 7837 6737 4747 9860
35 2635 7222 9257 4503 1590 9636 7367 5945 6681 598 653 4117 2175 5045 4443 5834 6187 918 2761 8630 4700 7236 1224 324 7632 4653 5920 9386 9319 3726 699 8136 9032 9847 4037
35 2922 7704 8246 2963 1267 4186 1236 1300 7299 2762 3724 2055 3392 1290 2040 7884 8864 4098 693 6998 7310 4893 8028 2723 5103 6307 4618 8457 2240 1755 4518 368 2969 4605 8470
36 5371 957 5973 5247 2933 5181 5460 2664 221 6341 6859 6990 7872 174 7419 2646 521 8894 7059 5162 6429 6915 4368 3344 4522 4946 7093 2045 5825 9574 7594 3861 5091 2456 7722 1199
36 4661 7297 7979 2365 9039 5226 7894 1053 319 4315 5146 3532 5035 1228 6210 9187 6954 7589 5427 1829 4424 9232 568 4321 1246 6695 8303 9532 1625 8113 9472 7411 8236 2850 3642 5211
37 5959 2672 2091 4392 9727 3921 6382 4996 294 3292 2599 9456 2642 5301 7755 7291 8224 3603 546 7432 7663 8878 2730 6362 2970 2714 9426 4853 6788 5866 1605 4849 5319 2294 8772 9767 1298
40 6056 5482 9211 9718 3198 6928 9019 1275 309 2101 4677 7239 209 7541 4858 9203 4497 9993 8145 7282 8639 831 683 3616 512 9509 5419 7129 8570 9911 7686 5469 2729 1583 5907 5809 4683 6264 212 4625
39 2758 671 2202 961 9980 6242 1740 2710 4530 3417 1839 9495 9442 1193 4857 5647 2513 5192 9372 6878 9060 6182 5842 3222 6527 7710 8525 944 728 6679 5243 3098 1812 7730 1786 7852 2959 6843 9544
38 1579 1577 8545 1060 6258 659 3411 7865 7381 4627 4953 1730 8483 597 9375 7906 8573 9043 5854 382 4373 5270 9264 7172 6403 6760 6336 4987 2662 3509 5961 6886 9041 1449 2371 2911 796 7502
35 3709 8710 3505 9756 4629 8872 1760 9898 134 7660 1098 8042 5059 219 9833 7328 2354 713 274 2348 6861 2111 9174 9070 2407 4056 3093 3738 6013 2976 6988 3030 4963 6271 9558
34 3183 5535 7574 9227 3735 952 784 706 6902 6212 190 789 8944 1692 3825 1524 3846 2066 6352 1894 4059 1456 5628 2246 348 148 5616 9661 4108 8955 1697 1345 9866 4188
31 1472 3240 3361 9702 1278 3919 8624 5102 7751 2331 5322 1708 868 5661 1754 9278 5093 954 9196 8550 222 2344 7685 176 932 7619 9904 12 9188 5635 8629
30 7138 8099 7394 6869 6844 6746 7086 9350 5700 1872 6364 2595 6449 5533 8476 2125 7515 6757 5643 3204 9758 9779 5283 7197 8706 8789 453 836 9071 5988
33 6423 9361 5153 7487 5999 1124 3620 5744 703 2531 7955 9087 3146 9035 6486 5998 751 234 982 3662 9355 2639 1565 8795 1803 6723 9493 7991 1550 3120 4635 946 7341
32 5552 2146 9538 9213 9031 108 2350 1239 1059 3033 848 8812 4641 323 9327 1002 7104 7493 3806 2739 6376 904 1940 1355 7113 8922 2612 2627 7631 8228 6240 1508
34 9822 929 9117 4338 2583 9128 3172 1417 2166 6464 5883 3091 8581 7401 8040 7131 7847 6648 642 8222 603 2130 263 9776 2453 6333 28 3165 6887 9633 9687 1473 624 9982
37 7382 2086 9942 7606 8927 544 4650 4250 7144 9899 9629 3667 7369 4205 4363 4158 5749 2009 9677 7308 710 6540 7758 7778 4693 2425 6768 2023 5094 8071 4042 1800 8165 5845 7178 9838 519
35 3387 13 1364 6931 7496 4607 6910 7286 132 4298 43 431 5366 3280 54 4127 4822 5405 4045 4603 4120 981 3837 955 8138 7507 1827 4036 6662 2721 6828 3940 3946 202 8909
33 5046 5756 1348 9804 6152 721 6493 8651 8754 9235 6162 230 8528 4028 4101 1544 8435 2082 6111 4421 8773 9297 2684 9711 4439 6799 7659 8247 2926 1484 4364 3285 9154
32 2163 7324 9988 6936 9606 3954 7986 3238 8111 791 9182 7592 6523 9056 5584 1395 2465 8094 9098 7763 2224 6792 3945 9432 3087 8647 8275 8965 3706 5042 9643 1363
31 2890 5472 4535 3005 1737 304 3331 9907 7679 5925 5105 7111 1679 9842 84 2643 4456 5080 2316 2682 1664 153 8119 3189 3017 1202 129 4615 8941 977 6121
36 994 8969 7929 2906 9147 2429 7406 684 1203 9289 437 9976 7824 741 4293 331 2887 6213 7844 8780 8422 3376 803 9144 3012 3965 1086 9503 9508 2393 1393 2749 2487 5736 2386 7207
34 9180 4796 138 4581 7323 5583 2755 2126 7191 7054 2744 1777 8249 5434 7097 2647 2724 1483 5732 7558 6991 9624 536 5630 7971 1296 5342 7019 2731 9398 3138 5960 3381 7234
39 3075 4303 4797 2244 2649 273 4084 919 489 7203 572 4642 9989 6740 2722 615 3546 8604 2539 55 8722 4371 3368 8759 6223 3886 834 8396 6270 8444 8742 1685 7287 7595 6783 556 4767 7460 3024
33 1572 4671 275 1021 2005 1205 3881 6822 5457 8076 6267 5821 569 135 2188 2859 2973 5450 3514 1552 6706 958 2975 2022 8692 2208 2284 9148 9320 7371 7294 5284 4576
35 962 7781 1833 816 9747 5938 3618 1520 2218 3560 1865 2541 1836 203 6385 2924 4519 9092 5347 9217 8189 8860 5493 6195 3371 8921 5892 8340 5709 1543 5466 3993 8290 6806 8311
35 9111 9447 3025 4068 3519 3702 6995 2339 4314 4487 2961 7352 3110 8821 4743 2833 4139 3271 4645 8158 5186 9901 7170 2958 3070 2302 2962 6293 4291 940 714 3161 9296 3876 3580
37 5049 5336 7695 3856 7458 4286 5182 2295 4144 1440 1932 3275 3427 6225 4124 7935 3314 2877 8015 8066 7184 5095 1114 2945 8116 8684 342 9944 8923 4360 5380 731 651 7542 2901 825 1648
35 1539 3704 1983 4769 1499 2555 1462 3722 4795 6427 5570 9254 3176 9660 7407 7009 7288 3269 5073 5786 9513 8186 8997 8524 9373 1696 1869 6080 9637 2514 1295 2481 7841 7886 6090
38 1999 5014 3492 6497 1491 5041 5345 9850 6819 4309 5860 9165 3100 6236 1883 1218 1622 332 7525 2935 2373 4128 1892 3043 1606 7961 1640 658 11 8836 9205 1580 3493 5386 8810 4422 7315 1946
35 8858 8598 1387 7511 1670 4715 9115 9549 6292 6703 1253 3711 9939 4241 6872 2699 3488 4160 5048 8926 2821 3552 8702 2521 3309 6825 4267 2978 6335 8803 7280 4257 8110 6480 5644
36 482 8364 9826 8404 1675 6283 1597 338 971 7441 5376 3912 8912 7812 3340 1168 4178 594 8769 6024 4378 6050 9807 2515 7193 9639 6342 5016 1347 6533 1470 8750 3816 3345 7978 697
35 8085 846 8440 6785 5613 4697 1016 5313 4104 4722 6274 7891 4388 5597 9173 1319 5600 4855 6432 7932 6494 3761 5338 8212 543 9225 2383 3588 1518 9112 1601 8060 8270 8631 2149
31 9740 4951 5740 9884 736 4156 9229 2195 2161 7748 1089 9317 4728 1405 2685 2464 1886 3891 5773 6064 3933 4409 4210 9576 6745 1316 5937 7968 2444 1954 6207
32 9106 3187 6214 810 1130 82 2395 9263 4307 7878 4385 3675 4550 3647 7672 2913 5230 4534 8276 226 1984 1164 8998 2063 6899 7518 6358 8935 8539 7861 3769 2338
33 2139 6570 3169 6482 8421 9678 5424 8646 7489 4396 5822 9815 3430 5664 4420 5373 5409 4492 9276 4669 3248 1656 3736 6964 410 9450 9221 2964 8559 860 4274 5033 6588
30 8725 4322 1862 779 2756 2013 8992 3040 5228 926 4521 1555 9338 881 8448 3686 9303 376 4317 101 4146 6400 5250 9789 7967 9948 8994 9613 6173 2155
30 2446 7584 2830 9522 1014 2169 9076 2384 173 7045 9851 1096 3320 4147 5994 2424 9002 5531 4934 8023 7904 9305 3990 9881 8802 3214 9620 2400 6732 7162
37 8896 8078 9743 2351 6655 5868 9761 9719 9485 7915 6167 7483 2843 6412 9110 3449 2056 9160 7265 7075 9736 1453 3343 9998 3085 4372 549 155 1922 6926 9680 2376 9253 6360 9383 2611 9577
32 4433 9591 144 5128 8083 4442 8833 8006 9238 841 7981 7036 5169 5420 7554 8185 8115 7378 5567 4406 7684 4211 1844 7582 5494 1297 7734 6339 218 4936 8898 4502
30 3937 7708 1890 5520 1283 1133 2782 5079 8322 8159 8260 387 1147 2551 198 7053 8254 6621 1528 4816 6355 5824 1841 3930 4877 6503 7107 5372 1099 1177
30 6956 445 4182 5984 2570 5082 6516 9394 9406 7278 3625 5413 2320 4582 6693 2372 2704 8329 5636 6401 1208 3413 6070 542 6317 9886 7770 7938 7187 8351
34 9189 8453 389 8654 8080 8017 6237 2459 9754 1465 7561 5887 2179 1688 1233 9502 2100 7509 3321 9118 5581 8242 8960 1403 7285 807 4143 6373 3793 3624 9569 7512 9882 9255
28 6808 3423 6425 7449 1139 1325 60 2334 4589 468 739 8347 2121 6063 8355 4756 6110 1471 4860 4285 1646 8881 10 821 3072 6947 7555 3517
31 9340 2847 4807 5751 6374 5826 1547 385 8292 9457 2233 4874 1011 7076 5291 8345 1439 461 9337 6571 767 162 5011 7857 2597 4366 6305 6823 2829 1864 6441
29 8172 687 3060 7611 6578 3992 3332 5117 9533 456 6160 6097 4679 4132 7058 5790 2432 9465 1394 2484 6081 4569 6239 5686 8830 1255 8167 9969 2423
28 3119 8934 4824 8052 6278 4672 1897 8798 5071 1444 4266 1389 5367 3507 8436 1457 8082 8856 2880 1335 8079 1982 8088 7125 788 5930 4793 124
30 9392 1048 1956 6488 5483 7173 8933 1521 5157 3122 5406 4900 5506 4428 1856 183 3102 6611 7133 9626 381 9449 5735 5120 5221 7923 501 1181 3554 9741
29 9498 4765 4239 68 432 4817 9286 2279 9936 5170 2176 6567 4869 5694 1962 1847 6439 1383 7823 7797 9926 6831 8626 486 6028 3202 4345 2296 1445
32 8128 8184 7794 2769 1554 8594 6618 674 6630 4657 7345 9855 4599 6948 7276 9390 95 1567 2568 8041 433 6095 5992 4729 8632 978 5225 1881 7731 3148 2157 5410
34 8698 9960 7402 8919 9175 8166 7538 5218 1854 8377 8309 7835 83 3835 1320 5451 1482 4829 7012 5378 4080 6009 9487 3969 7145 7862 1947 8555 509 7970 1106 7066 3634 9478
31 1125 2793 9584 2305 8162 5323 975 3465 9795 6750 7664 4684 3121 6018 2560 1853 965 9794 4164 9928 4806 6259 2764 4810 4403 4927 2706 6169 9723 8887 4361
31 4078 3452 9445 1807 6265 8176 232 8937 6163 141 7784 2878 5000 125 1294 8882 3096 5299 2270 5335 1200 9519 4999 7998 77 2885 1798 340 9573 518 6804
33 3236 7186 8424 4870 6416 8977 4507 6580 7464 402 1282 6874 1132 8801 9689 8248 2390 6670 6565 9830 9796 19 3000 6458 5576 3561 1997 5017 1958 2059 6390 4184 7264
30 3190 6330 993 78 5115 2965 4983 3755 2673 4069 3830 3803 3500 2818 8826 4294 8675 1052 6323 3574 2341 6314 1992 4968 6241 5184 4138 1367 6061 1627
30 3883 5334 9685 5109 9033 1051 9484 4304 630 9954 150 110 7082 6849 8665 5417 7114 4148 7623 9 1789 535 2676 7749 6855 506 8940 9208 5836 8151
33 4172 554 9492 7982 3557 8293 216 3019 3480 8914 8330 4533 7404 3390 2780 1498 7831 8688 8972 2508 2319 7262 6087 7634 935 2773 8853 1372 4905 7004 7608 5551 6491
36 681 4764 49 6003 7397 8751 8714 6922 3001 6036 7526 6978 1302 1676 6674 2590 2606 1280 1952 1876 6471 7889 7813 4719 5139 3915 4233 8163 2336 6366 4532 9474 6012 9330 5054 5921
35 4107 5136 1704 1410 8003 3845 6402 343 3731 6738 4736 6707 4906 5766 109 3944 7233 1458 633 6353 1941 5389 524 3790 8822 4308 5589 7360 1716 9805 7166 9134 4866 4512 3818
32 6933 8125 417 350 9104 9627 9079 8746 4356 4703 1092 3194 911 4440 3629 1314 7044 8497 4202 1273 4491 7293 9009 1989 8811 5359 4571 9934 6052 2530 2561 1921
29 9957 5077 3316 6407 9785 1588 837 8727 8365 1944 2832 1104 1163 4511 6143 178 4843 7832 2216 1476 1201 5364 6694 9265 44 3710 4197 7718 9510
28 2698 474 1712 5528 4966 6961 1715 9811 2468 1674 8638 2763 9821 1244 8008 5428 4610 2929 9783 9230 5858 5004 8474 7140 4228 1150 6447 2349
33 5835 3929 9820 8786 811 1758 3744 2918 1750 3166 8668 8147 4292 872 2463 5578 8255 8348 6696 2658 7912 2026 268 6739 3714 8091 622 146 7616 8187 3872 4875 3444
27 2517 6093 5534 462 33 4377 5904 4835 4417 9672 5646 5546 775 9077 302 3718 742 5572 4024 7501 315 2427 3998 4552 2213 5690 4331
26 1187 9288 1468 6603 2145 6817 8264 8628 5704 2495 9703 8814 1068 475 1063 6045 4482 6034 3217 2438 6911 5996 8219 5734 7806 1154
32 9872 2636 4390 3873 7636 5794 9735 3114 2136 2274 9737 1871 7046 8562 924 680 8883 7081 1117 490 8199 5078 6346 8748 3691 3257 1017 6619 2268 4708 3334 7996
28 2381 8579 4616 3968 8613 5867 4809 2797 4856 8122 9067 7400 3290 2546 7803 9996 9709 2087 7051 1987 2831 2896 566 3842 8024 119 4058 5823
31 8220 8407 1040 5492 5967 9806 4587 5066 1138 7361 1420 6824 9771 8318 8616 7355 8007 4106 9852 2798 7428 4086 7826 7913 1251 1328 5437 2054 196 6537 4171
28 2223 7545 553 6234 4386 785 9825 4263 3192 74 6574 7387 6800 8390 8362 8713 1469 9587 1488 4299 5431 463 6381 3338 7342 3868 3403 2661
28 1386 9246 3533 3630 5668 1220 3671 3186 541 6764 5433 1194 5547 4272 3834 3095 2287 4525 7217 1763 4035 1652 6004 1478 808 4791 1653 7936
30 3145 6227 4246 4957 8547 3050 9625 899 4183 8417 8741 8418 9186 5395 5024 986 917 2869 2695 5741 7040 5267 495 1384 4073 8981 1237 5021 8225 5707
27 3922 9662 5462 4896 3266 9721 9397 1310 2725 6606 1709 4019 5701 3585 2185 494 6334 3805 6035 9611 8361 4007 2162 1119 7424 3279 537
32 3831 5939 3878 5669 8432 7992 6073 443 5499 3544 5763 7761 1532 9655 9081 1553 214 9047 414 3432 3231 1613 8156 5719 4884 1626 192 2834 574 2170 6133 6835
31 5260 9284 5262 5966 1429 5400 8201 3780 8460 995 7942 6456 8455 8775 5219 7238 7171 8843 9262 7283 1190 6468 6592 8729 2285 9863 3583 390 7697 845 7326
32 3117 691 9243 2855 1595 8936 7980 2687 7392 9437 7462 878 3286 5290 259 2370 7035 6701 5076 2227 6249 6682 8304 5745 9234 3996 5946 8777 1672 4643 2957 7272
30 602 1896 7787 6770 747 4910 2147 2853 2538 3986 5480 1935 4402 2080 2657 8338 5072 4129 6512 3880 9199 1775 8676 399 3041 6068 7008 4685 6088 6014
29 2849 8044 3693 6030 968 3757 7249 6112 2001 5935 5975 1799 686 2944 6272 1761 1409 9411 5652 8419 3244 4686 6659 9865 5459 661 1540 2804 8443
28 7828 9014 8356 2472 3733 2322 6652 2194 6268 8967 5963 8512 1870 7005 8732 2110 9659 4868 9471 1563 9903 1731 5261 497 5275 448 5398 9958
28 5944 6970 9951 1923 8865 9831 1994 1222 3802 9078 5687 6941 2153 5839 5268 7218 8269 478 3372 4725 9146 9061 6251 6041 9698 1313 7422 7899
32 6461 5113 5112 9352 5522 7408 2838 7379 6328 6276 3481 7753 6735 7860 557 4177 3983 7615 418 3890 508 179 1362 1529 7128 1877 732 3015 1762 8409 5231 2367
26 4494 773 1556 3950 1542 5052 7988 7202 8263 7958 1825 7949 7298 1504 5539 4847 5272 8403 608 6089 6289 25 4841 6157 8216 4678
30 6096 6543 7638 9646 9751 7158 8012 35 5302 8783 8892 3251 3849 6742 7725 9609 4727 5989 6759 2402 1561 9541 8664 2884 4993 894 3547 4490 2620 582
29 6781 8724 6888 3659 9219 3762 8506 2142 2613 8652 2548 9247 6386 9959 4551 6134 5943 3820 7834 5923 2180 5452 1900 8672 5667 5859 282 8753 5885
32 5604 5062 2607 9887 4217 3264 8108 2591 530 3745 9910 3494 7863 1097 5840 7346 5730 4614 2113 5655 8563 6165 897 2987 4485 5615 1404 9353 8986 1967 2007 8385
29 7653 3491 4318 3855 1095 8564 7960 383 8316 4137 6705 9917 1172 2891 5894 8591 4410 5104 1221 4924 5194 9749 3526 2588 6019 2123 7965 265 419
31 746 5673 8903 7084 7742 4005 7715 679 3610 7870 2061 360 5329 3490 4100 4375 3441 3599 5174 7410 5043 8656 1077 6560 1966 3111 843 4872 950 4437 6017
27 9215 2241 4802 9258 7668 4454 4559 2474 4873 6025 6010 7388 1936 1927 3113 8587 6140 7940 8428 7252 6583 262 7856 2041 6332 6969 85
28 6950 6812 182 7529 6790 5353 6437 9491 1996 8988 223 6354 3356 3672 8168 1013 9534 3732 3337 401 3593 1669 4012 4698 5256 5774 9452 592
29 6130 8468 5149 3679 9273 6125 8873 5748 5293 648 1526 3453 6253 5752 1094 9507 669 3428 6937 885 7391 4038 2422 4196 6397 2915 3472 6639 7641
28 8406 8523 2042 1779 4784 7880 435 6300 6331 4988 2342 4332 131 9630 9717 6058 1376 1286 9516 3140 8735 6209 3224 7477 8516 4584 6883 6164
28 1965 5467 2182 6973 5965 8445 3346 8281 4116 8920 2552 5983 4748 2033 1137 3213 4226 2307 2277 4563 890 298 3712 31 2261 7764 362 3708
25 7798 7985 3323 7952 606 9909 6244 2477 2064 619 7876 9844 5761 1496 6850 2688 7398 5873 6501 3352 5196 20 6821 1001 8180
27 6257 5213 8481 8053 6520 5148 81 4355 2794 7629 1880 4919 559 5820 9197 1088 8480 4330 8359 1311 459 3354 6499 4237 7050 5432 7021
28 577 9150 2506 3949 7359 308 8381 353 9090 6728 8855 9902 1461 5214 9119 2653 2941 424 5362 3789 8467 7658 8146 6901 3328 1010 7471 2518
34 333 4662 7984 8566 2693 8586 678 5229 3917 6027 9880 87 8013 1158 3124 8089 3759 6414 3026 1840 9469 6315 355 3973 4604 7057 3874 1455 8010 5725 990 5685 5470 7492
29 3384 1425 6155 3027 2430 3716 4152 9974 6616 8627 5878 5010 3011 6684 7953 3382 449 1616 5422 66 5708 46 6549 3689 3938 2812 3522 9527 1766
27 2209 8669 1148 7329 1448 3278 8954 2745 5976 5403 1915 777 5122 7809 3377 1673 6877 8295 562 5626 3676 5445 3848 9927 5844 5375 4916
32 5634 2954 8297 9131 7295 8120 5138 3587 4889 670 8760 6171 5281 8296 1023 585 5962 5978 9427 700 2118 3853 4464 8064 2476 4367 1874 2008 5948 1350 2668 2504
28 3256 1751 3324 3524 1855 7375 2057 2937 893 3742 6287 6138 7846 2314 2842 8871 1713 3525 4648 4159 5554 7717 8685 6577 2441 6008 4881 4014
22 2993 1271 8207 8980 3306 2418 4200 3680 6000 5296 4844 1920 2671 6895 507 4198 1343 8002 8987 764 9650 5517
32 8854 4469 4751 7922 5553 2752 2144 6753 4903 3203 3644 925 3865 4888 8466 5603 4161 3888 8190 999 440 9929 3792 9085 9468 7683 3014 1930 1629 9645 3057 7456
30 7337 3383 4717 5333 2167 5436 8478 8235 8004 6033 1899 5063 4382 1029 5202 9252 3461 5590 6232 9083 867 2089 942 2784 4369 6909 4592 2670 2781 2528
33 7426 9581 6982 1846 3656 1192 3295 7253 9139 2622 5796 980 5757 9720 5311 4431 4379 1128 237 3753 2321 5295 7027 8 2816 4041 7074 7583 6818 4590 8416 8683 7907
30 1717 6319 8183 8971 2767 8726 4395 8154 888 5053 2255 8284 8611 1056 3477 8490 7212 6048 1213 3737 454 8817 7311 2374 8747 4459 1015 769 8514 3504
32 601 9688 2604 5566 3866 4834 3746 6049 9172 6971 3341 8840 1120 2928 239 9466 1459 6502 1511 9999 1732 6949 139 4206 579 312 983 5812 1396 3800 2215 6065
30 8551 698 3772 7335 7042 7579 2569 515 6389 9500 1309 3794 8857 8109 2237 9387 7353 1087 6685 7627 7168 1506 3084 2250 8393 5515 2737 7246 3059 5208
28 1711 4122 8740 8438 4560 4046 2637 9368 7651 4212 4547 2617 1249 3054 3319 705 4711 3617 3823 4426 9201 6103 7386 4981 5161 5870 7947 2480
26 9145 8090 9460 5721 3455 1477 3304 7334 8144 1797 3778 1744 6345 9283 2740 8837 1903 7819 9496 7897 2072 9099 5582 1209 1801 7215
28 286 4922 5354 9966 2535 7383 2435 5911 2083 3791 465 1074 8861 3771 1452 3437 7155 255 3419 1240 1101 765 8102 7868 8520 8084 1211 2659
29 9742 3076 7494 8447 6669 3380 4734 9854 4460 2986 4153 3360 6192 1774 7909 9564 1169 7366 2081 4333 9682 7977 7228 9101 4020 4026 2380 4586 4775
26 7833 3425 1893 8170 2439 2409 964 5068 21 2062 9116 9906 7077 3458 887 5980 2192 763 4620 7301 3066 7453 9476 6798 4339 7153
26 9832 9054 5941 2815 6150 9955 3858 6559 5235 8593 2097 70 413 6989 802 5154 1391 967 242 9379 5449 695 1474 2848 3633 4977
34 5455 1574 534 7251 3987 4151 663 1592 6500 1895 4432 9883 743 4435 8659 7213 1261 2656 6743 3034 9209 9323 241 279 2602 2934 2579 9638 4008 6201 7604 1486 5361 4254
28 8946 3611 7822 2496 2512 2394 3299 6344 3018 2558 974 1166 8142 2010 4335 3814 8800 9846 7535 7041 8326 1005 5316 9572 892 3289 6564 9700
25 7320 2452 171 164 1593 6744 1243 1431 3908 3631 430 2369 4970 5248 3109 7098 786 7302 9945 9167 3447 7354 6161 6573 900
29 9351 2772 2332 6347 5713 3373 8454 6815 8423 4938 9818 5601 7247 5265 2151 6226 4109 8087 4787 7573 6020 3497 1232 3135 18 6907 8363 9463 2630
27 1785 1599 4994 9042 4655 5125 1998 4044 1980 871 1747 5767 9222 6451 5037 5287 6505 8098 6803 797 5145 1112 7601 3351 5805 6833 7417
25 3660 6062 6748 7120 397 8609 9892 4025 8642 2230 6406 9800 5332 1866 7676 5614 8429 4876 6118 9479 1481 4850 1765 6327 3386
25 7277 1614 1795 7488 6470 5278 5502 3774 7188 4430 3136 2982 6462 6837 1571 5205 2592 5111 9693 4772 7714 7713 3349 4771 5681
29 2440 6683 191 1339 5020 4867 9272 2450 2027 7024 1693 2735 1960 3241 8963 7321 6433 3799 5662 6247 9341 3523 2317 6541 5657 3154 6842 9995 6179
28 6340 3833 5903 1036 1907 2410 6286 2707 257 7275 2092 529 895 9448 2888 7733 4191 6104 3843 6987 2196 5341 6774 1834 9615 5849 1315 3232
21 280 4466 250 927 1009 6535 7869 7596 3646 7696 4232 56 1584 272 267 7562 349 2718 3655 4965 8932
25 4974 9764 5351 2770 6099 5253 8469 184 6820 943 2802 6378 5808 8761 1918 1495 1065 8863 1084 3053 6602 6311 2594 5562 8636
27 7216 5542 5580 6551 8517 7580 2547 7091 6862 5869 5438 838 9931 9312 6930 3125 5399 9566 7274 2117 7139 5702 5650 1705 5950 3555 6614
25 9692 4170 6871 9097 7467 6919 9240 4370 7304 9979 1968 6851 3293 6863 6789 3999 1534 1912 607 3688 4531 3308 9900 4353 7348
22 5325 9967 1042 434 5742 5274 8499 7503 2577 4515 8915 3301 733 3359 7479 9649 8157 7498 4790 1607 7322 7559
25 9141 1037 9773 2258 3326 675 3715 4062 822 6829 2534 3108 8373 4312 9641 3223 1617 2421 948 3239 1509 2448 616 6320 8805
25 1186 2252 593 3537 2212 6309 9302 2403 7610 1329 7370 7043 2251 8999 840 2070 8331 7530 9269 1878 2883 9962 7223 5729 2681
30 3216 6021 2803 5612 8565 5318 8375 408 4942 610 3130 1189 1694 5768 3127 3065 2077 9024 5617 3077 591 6805 217 8411 1318 8306 3959 9705 5543 7010
30 9413 626 7475 6463 487 9382 7581 1093 1342 7691 2919 4341 1671 2408 5352 1188 7893 673 303 1351 3433 4859 6116 4255 4593 6797 3653 2143 2273 8307
31 9168 493 6638 8286 1863 5210 1600 740 771 380 5510 6711 7257 9871 5847 3199 6208 4213 5114 1858 8271 3916 2861 9210 3597 1995 9878 5101 6184 7788 1185
26 7539 6102 62 6876 5783 4185 9839 6813 133 539 6749 2015 6302 3824 2490 6589 4939 8521 9301 754 7505 6761 3457 8195 2716 4789
28 8653 6778 9129 4739 5 3049 6994 22 4247 4638 5100 6085 3923 3063 5259 914 7836 8866 1884 8021 5641 8622 8075 2703 2904 8589 8819 3748
30 5160 5147 276 8885 7482 8906 7016 9599 3185 6037 3020 7989 3132 643 6175 1726 4955 9671 4010 4879 5979 1955 9605 4121 1129 2269 587 8132 2532 6051
29 9328 4236 1842 336 928 2633 1430 5585 1515 7110 1149 5058 7423 4344 1406 7682 3692 613 6712 4752 5929 1356 4269 6066 2115 5936 2031 8268 2895
29 5588 9888 3288 7395 5127 4279 2048 5726 7773 7240 4289 9314 3398 3515 32 3920 1507 2792 1338 9294 7547 1843 723 2025 1951 7677 9971 1638 4300
25 8607 5524 6992 1734 4573 9268 2154 9391 3272 3506 7919 5800 6380 8908 5884 4103 3394 4932 5381 5155 485 8100 2814 3645 5723
28 1408 8568 5917 1365 3150 9120 5224 979 956 6446 5862 2909 4617 7546 8319 6079 3852 5977 9401 7211 712 4296 4608 3649 6776 9505 4707 6135
28 4754 3471 817 3612 2912 3703 1784 6205 1485 8577 400 71 3982 1173 5040 583 3885 6900 2112 3739 9357 5019 5819 7810 818 378 4699 8784
31 9594 8504 1312 330 2715 1197 2018 9571 2983 1219 7390 8917 5108 143 1662 7692 6384 6607 2692 6827 1400 3255 269 7567 2392 9377 3207 5569 2556 5227 647
29 5801 8177 2557 5310 3503 5990 1276 3847 3164 3254 258 8844 3502 7532 7199 2708 112 8310 1623 2696 3142 827 3307 7644 3752 787 8353 6074 7885
30 4049 4501 328 8590 7481 1926 5307 2036 9565 9059 3905 1861 5951 6999 4591 1145 6719 6539 2889 5733 9239 4429 9245 9631 2443 2712 3664 951 9873 2980
29 4141 377 6154 4166 3044 906 3951 9803 6369 9308 5279 4334 3795 9664 231 1819 2663 4070 6734 8048 657 2074 4242 9557 2510 4479 2385 7478 2783
27 5370 7448 5564 7115 7183 9322 2609 3683 8025 3105 2852 8446 1873 4943 1830 8804 9946 4499 3469 3023 8179 8535 9535 4820 3468 9161 2507
29 2098 4904 7205 4349 5777 4408 7976 2106 5637 800 2542 3310 7267 3495 4280 4438 7292 3329 7325 4626 748 7101 2553 6832 5882 47 451 5204 7319
28 7851 558 3592 8049 8193 1969 6566 4948 6979 4818 2020 7549 9072 2540 3464 3370 6968 6039 3378 3591 7454 8112 6709 6011 3197 2075 8879 9438
29 2600 9052 1985 8884 1677 996 7671 7765 8245 2867 3134 3879 4992 1914 8279 8764 8667 5931 1578 8868 423 6917 3577 3713 9778 1288 7903 1268 4275
30 9159 7080 8492 2335 3623 6016 555 941 8679 9853 689 1360 9179 609 3801 2256 169 407 4441 1523 5663 3206 3586 823 7121 6838 4561 7094 2565 8696
29 4768 1492 6720 1976 8261 9095 1612 6779 3195 3770 3882 4489 8253 8047 8149 6228 7500 8414 7069 97 6923 5088 2079 7055 1279 2751 2306 8360 2134
25 3775 5529 5005 5423 2966 4673 3854 9324 8462 9921 5397 2705 9007 6457 2666 3180 9588 2219 5899 5487 1072 5762 195 9774 2406
22 4989 7380 8693 970 6553 8974 4190 4544 4825 6460 2428 6846 3895 6078 1736 4133 945 1633 6465 9679 6415 5240
28 9155 4115 2330 4909 7161 9632 3291 6966 3934 7455 4941 7990 907 7973 7859 903 8614 9528 9922 2650 8452 8674 5872 8515 205 5586 2985 6974
23 9417 8733 3932 3707 8820 7637 9990 1564 2720 1589 1070 245 5541 9525 7732 8198 5754 2199 7486 2694 8845 889 9837
25 4057 1745 1260 1772 9540 4004 7727 3229 5411 6484 600 9810 8599 9040 3728 9701 2988 3200 9610 9539 6478 7618 9444 8640 8618
29 5326 7643 548 3476 1421 2353 6767 7842 7866 8673 9949 5474 1427 9575 8294 8956 8787 5718 6220 5775 618 4861 3787 5558 4624 2819 5276 5029 6810
23 7179 7421 5997 7230 9963 5654 1293 4452 3777 452 8813 9068 2500 264 6726 6924 6905 976 1061 5009 7600 2902 7533
28 8644 1062 2469 4400 8130 9190 1198 5610 3887 4724 1007 2184 8989 213 8129 52 5806 2564 8491 9775 4558 6108 4505 5538 7602 3607 4516 8009
24 1030 9166 9130 9073 1210 5116 5303 2433 6221 7597 2071 4284 7645 2697 2727 2200 17 4886 2655 2328 9582 7801 5915 4594
30 8544 4967 2765 5130 3339 3333 2860 7723 873 6985 7896 7038 3242 3035 6454 1401 947 6530 4125 4800 4656 1480 6132 7389 3995 9335 3988 3697 6217 9914
24 6897 3128 3781 3099 6620 3669 8828 9499 4527 7536 6814 2817 2315 5737 6953 4389 4786 5190 7289 3459 2778 4674 8092 6513
25 2586 3562 3972 2813 8063 4474 8239 3821 1370 8251 3797 3364 8842 9050 9673 4498 7476 7425 7250 351 9924 6506 7100 6650 7260
24 7609 9470 8952 7707 4933 5188 5396 2470 6015 4898 7815 3893 4277 3409 830 2593 481 3550 7095 8900 9486 1447 7553 8770
25 9861 654 7245 3782 5185 393 3170 9393 111 7703 4652 9135 2845 7018 7556 6653 4555 1058 8662 5902 6126 856 5549 181 6865
27 3516 4114 9913 7613 6445 4716 3907 5683 7338 4575 734 3678 9862 7000 3010 305 4112 4244 4738 774 2598 9259 2174 632 3369 882 3436
23 7136 6613 4195 3836 2323 8410 4931 4110 886 3819 1223 1103 2034 9103 9419 5957 8571 3445 3749 8456 3572 5764 3970
22 8394 665 479 1024 504 4323 2158 1770 7598 6515 1948 1636 7701 2527 8758 2972 6736 4668 6443 151 814 2065
24 6885 1641 9248 5914 5555 1776 4622 5478 3558 3871 2039 7743 4201 7950 2355 3028 8283 2949 2447 6725 2292 6144 6593 469
22 9282 2777 3598 4053 8790 2232 36 4193 790 3191 4612 5579 8231 5947 7290 6977 6466 4623 8984 7563 2641 5571
19 3590 40 3051 6657 6643 8256 4562 4095 7830 9490 157 4676 6617 247 7585 2702 5264 2210 8030
20 1808 1035 8227 2037 6231 6459 8257 6676 6218 1127 3262 9300 4723 5720 4258 4509 4094 3007 7373 725
16 1080 6168 4567 3443 7768 720 117 6612 3941 9707 4113 1352 7438 2290 2361 5143
15 6640 4632 8530 4313 9622 5176 9044 4667 4383 3897 3512 5495 7225 1702 4982
19 2417 3877 1753 3482 5895 6348 9669 8649 6866 2243 510 8413 6741 9292 3047 7779 7514 5871 1159
19 159 4660 9933 7543 4227 682 4628 4745 2788 473 3548 832 3246 5648 7881 8534 9551 6894 9333
16 9371 9194 34 9568 1398 9251 1804 6312 7078 8258 3622 8137 580 8975 4763 6043
19 6229 9440 8366 551 2263 2578 589 3783 1602 356 5412 1214 877 4637 645 8196 646 3535 488
19 3249 1938 7699 4248 2841 2129 2801 7468 1344 833 1402 9158 8807 3609 4839 5485 5340 307 4972
14 7995 627 6794 4001 4621 106 4945 8106 7491 96 9683 4865 4819 7143
18 7576 850 8841 6379 4278 1012 5390 2509 7450 7531 8507 5497 6156 1905 9877 3046 2886 5631
14 3123 1113 2396 9304 6299 1340 6697 9593 3981 1838 5695 8135 6204 1450
18 9561 8121 4034 421 4009 1217 2489 4221 5314 9793 5592 8939 9280 2014 57 5027 5479 285
13 3265 1573 1066 9506 1380 9200 9362 9309 5848 7312 4713 471 4814
17 102 2191 4481 7883 2746 738 4730 1028 3086 9482 5282 8352 9704 5972 5727 2882 5212
14 4935 8315 502 5195 6421 6658 2892 5508 5852 7612 2114 7620 8578 1537
14 4803 2766 229 3696 4181 2774 1258 4483 8602 345 6375 8426 1887 4493
10 2012 7011 9428 220 8848 1493 2426 6174 664 6453
11 9787 4006 3701 53 2391 9436 8206 4504 1032 6026 7924
11 4189 4099 4480 6032 5912 4799 4145 4892 6367 7443 8691
11 295 6475 9755 1964 605 4264 4040 5828 1085 2984 866
12 42 6879 9037 5632 7331 794 6361 3330 6651 6773 6098 2981
10 9038 3643 3640 1818 2701 2536 261 2280 9548 3705
9 8546 2864 5377 9202 7177 8924 3997 9781 636
8 7439 7552 2236 6395 1917 565 793 8215
8 5955 188 7744 5516 3405 2242 6826 5439
7 7418 6791 726 2265 9559 6556 7931
9 4052 5383 436 656 768 3267 6686 3651 5343
9 306 1143 8400 16 4777 6765 1250 9745 243
6 9925 1817 7219 2 4249 3212
4 3042 2795 4214 2221
4 4065 1330 9408 7721
2 3153 2479
1 3511
0 
0 
0 
0 
0 
0 
0 
0 
0 
0 
0 
0 
0 
0 
0 
0 
0 
0 
0 
0 
0 
0 
0 
